#
# There is insufficient memory for the Java Runtime Environment to continue.
# Native memory allocation (malloc) failed to allocate 284576 bytes for Chunk::new
# Possible reasons:
#   The system is out of physical RAM or swap space
#   In 32 bit mode, the process size limit was hit
# Possible solutions:
#   Reduce memory load on the system
#   Increase physical memory or swap space
#   Check if swap backing store is full
#   Use 64 bit Java on a 64 bit OS
#   Decrease Java heap size (-Xmx/-Xms)
#   Decrease number of Java threads
#   Decrease Java thread stack sizes (-Xss)
#   Set larger code cache with -XX:ReservedCodeCacheSize=
# This output file may be truncated or incomplete.
#
#  Out of Memory Error (allocation.cpp:390), pid=6100, tid=0x0000000000002bd8
#
# JRE version: Java(TM) SE Runtime Environment (8.0_92-b14) (build 1.8.0_92-b14)
# Java VM: Java HotSpot(TM) 64-Bit Server VM (25.92-b14 mixed mode windows-amd64 compressed oops)
# Failed to write core dump. Minidumps are not enabled by default on client versions of Windows
#

---------------  T H R E A D  ---------------

Current thread (0x00000000567f4000):  JavaThread "C2 CompilerThread0" daemon [_thread_in_native, id=11224, stack(0x0000000056e80000,0x0000000056f80000)]

Stack: [0x0000000056e80000,0x0000000056f80000]
[error occurred during error reporting (printing stack bounds), id 0xc0000005]

Native frames: (J=compiled Java code, j=interpreted, Vv=VM code, C=native code)


Current CompileTask:
C2:   2335 1087       4       com.android.dx.ssa.SCCP::simulateStmt (481 bytes)


---------------  P R O C E S S  ---------------

Java Threads: ( => current thread )
  0x0000000056afa000 JavaThread "pool-2-thread-4" [_thread_blocked, id=11164, stack(0x0000000057940000,0x0000000057a40000)]
  0x0000000056af9000 JavaThread "pool-2-thread-3" [_thread_blocked, id=6548, stack(0x0000000057840000,0x0000000057940000)]
  0x0000000056a18000 JavaThread "pool-2-thread-2" [_thread_blocked, id=6404, stack(0x00000000574f0000,0x00000000575f0000)]
  0x0000000056a17000 JavaThread "pool-3-thread-1" [_thread_blocked, id=9784, stack(0x0000000057600000,0x0000000057700000)]
  0x0000000056a12800 JavaThread "pool-2-thread-1" [_thread_in_Java, id=11044, stack(0x0000000057350000,0x0000000057450000)]
  0x000000005688a800 JavaThread "Service Thread" daemon [_thread_blocked, id=10744, stack(0x0000000057000000,0x0000000057100000)]
  0x00000000567f7800 JavaThread "C1 CompilerThread2" daemon [_thread_blocked, id=1984, stack(0x0000000056d30000,0x0000000056e30000)]
  0x00000000567f6000 JavaThread "C2 CompilerThread1" daemon [_thread_in_native, id=8456, stack(0x0000000056410000,0x0000000056510000)]
=>0x00000000567f4000 JavaThread "C2 CompilerThread0" daemon [_thread_in_native, id=11224, stack(0x0000000056e80000,0x0000000056f80000)]
  0x00000000551dd000 JavaThread "Attach Listener" daemon [_thread_blocked, id=8896, stack(0x0000000056bf0000,0x0000000056cf0000)]
  0x00000000567ea800 JavaThread "Signal Dispatcher" daemon [_thread_blocked, id=11100, stack(0x00000000561e0000,0x00000000562e0000)]
  0x00000000551ba000 JavaThread "Finalizer" daemon [_thread_blocked, id=7972, stack(0x00000000566e0000,0x00000000567e0000)]
  0x0000000055173000 JavaThread "Reference Handler" daemon [_thread_blocked, id=11156, stack(0x0000000056510000,0x0000000056610000)]
  0x0000000001d3f000 JavaThread "main" [_thread_in_Java, id=2280, stack(0x00000000027b0000,0x00000000028b0000)]

Other Threads:
  0x000000005516b800 VMThread [stack: 0x0000000056300000,0x0000000056400000] [id=10236]
  0x00000000568b9800 WatcherThread [stack: 0x0000000057140000,0x0000000057240000] [id=10536]

VM state:not at safepoint (normal execution)

VM Mutex/Monitor currently owned by a thread: None

Heap:
 PSYoungGen      total 36864K, used 25398K [0x00000000eab00000, 0x00000000ed400000, 0x0000000100000000)
  eden space 31744K, 80% used [0x00000000eab00000,0x00000000ec3cdb08,0x00000000eca00000)
  from space 5120K, 0% used [0x00000000ecf00000,0x00000000ecf00000,0x00000000ed400000)
  to   space 5120K, 0% used [0x00000000eca00000,0x00000000eca00000,0x00000000ecf00000)
 ParOldGen       total 84992K, used 0K [0x00000000c0000000, 0x00000000c5300000, 0x00000000eab00000)
  object space 84992K, 0% used [0x00000000c0000000,0x00000000c0000000,0x00000000c5300000)
 Metaspace       used 5921K, capacity 6838K, committed 7040K, reserved 1056768K
  class space    used 604K, capacity 622K, committed 640K, reserved 1048576K

Card table byte_map: [0x0000000011c70000,0x0000000011e80000] byte_map_base: 0x0000000011670000

Marking Bits: (ParMarkBitMap*) 0x0000000063ca64f0
 Begin Bits: [0x00000000125e0000, 0x00000000135e0000)
 End Bits:   [0x00000000135e0000, 0x00000000145e0000)

Polling page: 0x0000000000440000

CodeCache: size=245760Kb used=4214Kb max_used=4214Kb free=241545Kb
 bounds [0x00000000028b0000, 0x0000000002ce0000, 0x00000000118b0000]
 total_blobs=1364 nmethods=1093 adapters=184
 compilation: enabled

Compilation events (10 events):
Event: 2.317 Thread 0x00000000567f6000 1096   !   4       com.android.dx.cf.code.BytecodeArray::parseInstruction (2764 bytes)
Event: 2.318 Thread 0x00000000567f7800 nmethod 1093 0x0000000002cc8050 code [0x0000000002cc8220, 0x0000000002cc8a98]
Event: 2.318 Thread 0x00000000567f7800 1095       3       com.android.dx.rop.code.RegisterSpecList::withFirst (64 bytes)
Event: 2.319 Thread 0x00000000567f7800 nmethod 1095 0x0000000002cce290 code [0x0000000002cce520, 0x0000000002ccf848]
Event: 2.319 Thread 0x00000000567f7800 1094       3       com.android.dx.dex.code.RopTranslator$1::visitPlainCstInsn (64 bytes)
Event: 2.320 Thread 0x00000000567f7800 nmethod 1094 0x0000000002ccd2d0 code [0x0000000002ccd460, 0x0000000002ccdc10]
Event: 2.320 Thread 0x00000000567f7800 1091       3       com.android.dx.cf.code.Merger::mergeType (142 bytes)
Event: 2.321 Thread 0x00000000567f7800 nmethod 1091 0x0000000002cd0550 code [0x0000000002cd0800, 0x0000000002cd1c68]
Event: 2.321 Thread 0x00000000567f7800 1090       1       com.android.dx.rop.cst.CstKnownNull::hashCode (3 bytes)
Event: 2.321 Thread 0x00000000567f7800 nmethod 1090 0x0000000002cc7d90 code [0x0000000002cc7ee0, 0x0000000002cc7ff0]

GC Heap History (0 events):
No events

Deoptimization events (8 events):
Event: 1.486 Thread 0x0000000001d3f000 Uncommon trap: reason=class_check action=maybe_recompile pc=0x0000000002b41a10 method=com.android.dx.rop.type.Type.equals(Ljava/lang/Object;)Z @ 8
Event: 1.486 Thread 0x0000000001d3f000 Uncommon trap: reason=unstable_if action=reinterpret pc=0x0000000002a9080c method=java.util.HashMap.getNode(ILjava/lang/Object;)Ljava/util/HashMap$Node; @ 129
Event: 1.487 Thread 0x0000000001d3f000 Uncommon trap: reason=unstable_if action=reinterpret pc=0x0000000002b419f4 method=com.android.dx.rop.code.RegisterSpec.equals(ILcom/android/dx/rop/type/TypeBearer;Lcom/android/dx/rop/code/LocalItem;)Z @ 16
Event: 1.570 Thread 0x0000000056af9000 Uncommon trap: reason=unstable_if action=reinterpret pc=0x0000000002ab3be4 method=java.util.BitSet.ensureCapacity(I)V @ 6
Event: 1.570 Thread 0x0000000001d3f000 Uncommon trap: reason=unstable_if action=reinterpret pc=0x0000000002ab1238 method=com.android.dx.rop.code.RegisterSpec.equals(ILcom/android/dx/rop/type/TypeBearer;Lcom/android/dx/rop/code/LocalItem;)Z @ 16
Event: 1.610 Thread 0x0000000001d3f000 Uncommon trap: reason=null_check action=make_not_entrant pc=0x0000000002b5ae50 method=com.android.dx.ssa.SsaRenamer.getLocalForNewReg(I)Lcom/android/dx/rop/code/LocalItem; @ 19
Event: 2.019 Thread 0x0000000056a12800 Uncommon trap: reason=null_check action=make_not_entrant pc=0x0000000002b6a110 method=com.android.dx.rop.type.Type.equals(Ljava/lang/Object;)Z @ 8
Event: 2.115 Thread 0x0000000056a12800 Uncommon trap: reason=unstable_if action=reinterpret pc=0x0000000002c9c980 method=com.android.dx.rop.code.RegisterSpec.equals(ILcom/android/dx/rop/type/TypeBearer;Lcom/android/dx/rop/code/LocalItem;)Z @ 42

Internal exceptions (4 events):
Event: 0.455 Thread 0x0000000001d3f000 Exception <a 'java/lang/NoSuchMethodError': Method sun.misc.Unsafe.defineClass(Ljava/lang/String;[BII)Ljava/lang/Class; name or signature does not match> (0x00000000eab07cc0) thrown at [D:\re\workspace\8-2-build-windows-amd64-cygwin\jdk8u92\6642\hotspot\sr…hí÷!›?
Event: 0.455 Thread 0x0000000001d3f000 Exception <a 'java/lang/NoSuchMethodError': Method sun.misc.Unsafe.prefetchRead(Ljava/lang/Object;J)V name or signature does not match> (0x00000000eab07fa8) thrown at [D:\re\workspace\8-2-build-windows-amd64-cygwin\jdk8u92\6642\hotspot\src\share\vm\prims\j¿ùPπû√˘?
Event: 1.610 Thread 0x0000000001d3f000 Implicit null exception at 0x0000000002b596df to 0x0000000002b5ae09
Event: 2.019 Thread 0x0000000056a12800 Implicit null exception at 0x0000000002b6a012 to 0x0000000002b6a102

Events (10 events):
Event: 1.610 Thread 0x0000000001d3f000 DEOPT PACKING pc=0x0000000002b5ae50 sp=0x00000000028ae200
Event: 1.610 Thread 0x0000000001d3f000 DEOPT UNPACKING pc=0x00000000028f582a sp=0x00000000028ae068 mode 2
Event: 1.674 loading class com/android/dx/cf/attrib/AttExceptions
Event: 1.674 loading class com/android/dx/cf/attrib/AttExceptions done
Event: 2.019 Thread 0x0000000056a12800 Uncommon trap: trap_request=0xfffffff4 fr.pc=0x0000000002b6a110
Event: 2.019 Thread 0x0000000056a12800 DEOPT PACKING pc=0x0000000002b6a110 sp=0x000000005744e560
Event: 2.019 Thread 0x0000000056a12800 DEOPT UNPACKING pc=0x00000000028f582a sp=0x000000005744e4f8 mode 2
Event: 2.115 Thread 0x0000000056a12800 Uncommon trap: trap_request=0xffffff65 fr.pc=0x0000000002c9c980
Event: 2.115 Thread 0x0000000056a12800 DEOPT PACKING pc=0x0000000002c9c980 sp=0x000000005744e860
Event: 2.115 Thread 0x0000000056a12800 DEOPT UNPACKING pc=0x00000000028f582a sp=0x000000005744e7e8 mode 2


Dynamic libraries:
0x000000013ff50000 - 0x000000013ff87000 	D:\Program Files\Java\jdk1.8.0_92\bin\java.exe
0x0000000076dc0000 - 0x0000000076f6a000 	C:\Windows\SYSTEM32\ntdll.dll
0x0000000076ca0000 - 0x0000000076dbf000 	C:\Windows\system32\kernel32.dll
0x000007fefcb40000 - 0x000007fefcbab000 	C:\Windows\system32\KERNELBASE.dll
0x000007fefe490000 - 0x000007fefe56b000 	C:\Windows\system32\ADVAPI32.dll
0x000007fefec70000 - 0x000007fefed0f000 	C:\Windows\system32\msvcrt.dll
0x000007fefec40000 - 0x000007fefec5f000 	C:\Windows\SYSTEM32\sechost.dll
0x000007fefef40000 - 0x000007feff06d000 	C:\Windows\system32\RPCRT4.dll
0x0000000076a60000 - 0x0000000076b5a000 	C:\Windows\system32\USER32.dll
0x000007fefe570000 - 0x000007fefe5d7000 	C:\Windows\system32\GDI32.dll
0x000007fefd2a0000 - 0x000007fefd2ae000 	C:\Windows\system32\LPK.dll
0x000007fefed10000 - 0x000007fefedda000 	C:\Windows\system32\USP10.dll
0x000007fefbd40000 - 0x000007fefbf34000 	C:\Windows\WinSxS\amd64_microsoft.windows.common-controls_6595b64144ccf1df_6.0.7601.18837_none_fa3b1e3d17594757\COMCTL32.dll
0x000007fefd140000 - 0x000007fefd1b1000 	C:\Windows\system32\SHLWAPI.dll
0x000007fefd330000 - 0x000007fefd35e000 	C:\Windows\system32\IMM32.DLL
0x000007fefee30000 - 0x000007fefef39000 	C:\Windows\system32\MSCTF.dll
0x0000000062680000 - 0x0000000062752000 	D:\Program Files\Java\jdk1.8.0_92\jre\bin\msvcr100.dll
0x0000000063490000 - 0x0000000063d26000 	D:\Program Files\Java\jdk1.8.0_92\jre\bin\server\jvm.dll
0x000007fefa200000 - 0x000007fefa209000 	C:\Windows\system32\WSOCK32.dll
0x000007fefede0000 - 0x000007fefee2d000 	C:\Windows\system32\WS2_32.dll
0x000007fefec60000 - 0x000007fefec68000 	C:\Windows\system32\NSI.dll
0x000007fefcf00000 - 0x000007fefcf3b000 	C:\Windows\system32\WINMM.dll
0x000007fefba50000 - 0x000007fefba5c000 	C:\Windows\system32\VERSION.dll
0x0000000076f80000 - 0x0000000076f87000 	C:\Windows\system32\PSAPI.DLL
0x0000000074430000 - 0x000000007443f000 	D:\Program Files\Java\jdk1.8.0_92\jre\bin\verify.dll
0x0000000074400000 - 0x0000000074429000 	D:\Program Files\Java\jdk1.8.0_92\jre\bin\java.dll
0x00000000743e0000 - 0x00000000743f6000 	D:\Program Files\Java\jdk1.8.0_92\jre\bin\zip.dll
0x000007fefd660000 - 0x000007fefe3e9000 	C:\Windows\system32\SHELL32.dll
0x000007fefea30000 - 0x000007fefec33000 	C:\Windows\system32\ole32.dll
0x000007fefca90000 - 0x000007fefca9f000 	C:\Windows\system32\profapi.dll

VM Arguments:
jvm_args: -Djava.awt.headless=true -Xmx1024M -Dfile.encoding=GBK -Duser.country=CN -Duser.language=zh -Duser.variant 
java_command: com.android.dx.command.Main --dex --force-jumbo --num-threads=4 --multi-dex --output C:\Users\ThinkPad\Desktop\Foodamental-master\app\build\intermediates\transforms\dex\debug\folders\1000\10\com.android.support-recyclerview-v7-23.1.1_b918639a3034ab6f81380c272087fb2b63faf08f C:\Users\ThinkPad\Desktop\Foodamental-master\app\build\intermediates\exploded-aar\com.android.support\recyclerview-v7\23.1.1\jars\classes.jar
java_class_path (initial): D:\sdk\build-tools\23.0.2\lib\dx.jar
Launcher Type: SUN_STANDARD

Environment Variables:
PATH=C:\ProgramData\Oracle\Java\javapath;C:\PROGRAM FILES (X86)\INTEL\ICLS CLIENT\;C:\PROGRAM FILES\INTEL\ICLS CLIENT\;C:\Windows\SYSTEM32;C:\Windows;C:\Windows\SYSTEM32\WBEM;C:\Windows\SYSTEM32\WINDOWSPOWERSHELL\V1.0\;C:\PROGRAM FILES\INTEL\INTEL(R) MANAGEMENT ENGINE COMPONENTS\DAL;C:\PROGRAM FILES\INTEL\INTEL(R) MANAGEMENT ENGINE COMPONENTS\IPT;C:\PROGRAM FILES (X86)\INTEL\INTEL(R) MANAGEMENT ENGINE COMPONENTS\DAL;C:\PROGRAM FILES (X86)\INTEL\INTEL(R) MANAGEMENT ENGINE COMPONENTS\IPT;C:\PROGRAM FILES (X86)\LENOVO\ACCESS CONNECTIONS\;C:\Program Files\ThinkPad\Bluetooth Software\;C:\Program Files\ThinkPad\Bluetooth Software\syswow64;C:\Program Files (x86)\Intel\OpenCL SDK\3.0\bin\x86;C:\Program Files (x86)\Intel\OpenCL SDK\3.0\bin\x64;C:\Program Files\OpenVPN\bin;C:\Program Files\Microsoft\Web Platform Installer\;C:\Program Files (x86)\Windows Kits\8.1\Windows Performance Toolkit\;C:\Program Files\Microsoft SQL Server\110\Tools\Binn\;C:\Program Files (x86)\Microsoft SDKs\TypeScript\1.0\;C:\Program Files\Microsoft SQL Server\120\Tools\Binn\;C:\Program Files (x86)\Skype\Phone\;%OPENCV_DIR%\bin;C:\Windows\system32\config\systemprofile\.dnx\bin;C:\Program Files\Microsoft DNX\Dnvm\;C:\Program Files\Microsoft SQL Server\130\Tools\Binn\;C:\Program Files\Git\cmd
USERNAME=ThinkPad
OS=Windows_NT
PROCESSOR_IDENTIFIER=Intel64 Family 6 Model 58 Stepping 9, GenuineIntel



---------------  S Y S T E M  ---------------

OS: Windows 7 , 64 bit Build 7601 (6.1.7601.19160)

CPU:total 4 (2 cores per cpu, 2 threads per core) family 6 model 58 stepping 9, cmov, cx8, fxsr, mmx, sse, sse2, sse3, ssse3, sse4.1, sse4.2, popcnt, avx, aes, clmul, erms, ht, tsc, tscinvbit, tscinv

Memory: 4k page, physical 8077104k(1247952k free), swap 8075268k(5128k free)

vm_info: Java HotSpot(TM) 64-Bit Server VM (25.92-b14) for windows-amd64 JRE (1.8.0_92-b14), built on Mar 31 2016 21:03:04 by "java_re" with MS VC++ 10.0 (VS2010)

time: Wed Jun 15 11:35:33 2016
elapsed time: 2 seconds (0d 0h 0m 2s)

