#
# There is insufficient memory for the Java Runtime Environment to continue.
# Native memory allocation (malloc) failed to allocate 80576 bytes for Chunk::new
# Possible reasons:
#   The system is out of physical RAM or swap space
#   In 32 bit mode, the process size limit was hit
# Possible solutions:
#   Reduce memory load on the system
#   Increase physical memory or swap space
#   Check if swap backing store is full
#   Use 64 bit Java on a 64 bit OS
#   Decrease Java heap size (-Xmx/-Xms)
#   Decrease number of Java threads
#   Decrease Java thread stack sizes (-Xss)
#   Set larger code cache with -XX:ReservedCodeCacheSize=
# This output file may be truncated or incomplete.
#
#  Out of Memory Error (allocation.cpp:390), pid=9632, tid=0x00000000000028f4
#
# JRE version: Java(TM) SE Runtime Environment (8.0_92-b14) (build 1.8.0_92-b14)
# Java VM: Java HotSpot(TM) 64-Bit Server VM (25.92-b14 mixed mode windows-amd64 compressed oops)
# Failed to write core dump. Minidumps are not enabled by default on client versions of Windows
#

---------------  T H R E A D  ---------------

Current thread (0x0000000056780800):  JavaThread "C2 CompilerThread1" daemon [_thread_in_native, id=10484, stack(0x0000000056f40000,0x0000000057040000)]

Stack: [0x0000000056f40000,0x0000000057040000]
[error occurred during error reporting (printing stack bounds), id 0xc0000005]

Native frames: (J=compiled Java code, j=interpreted, Vv=VM code, C=native code)


Current CompileTask:
C2:   3588  349       4       java.lang.String::replace (127 bytes)


---------------  P R O C E S S  ---------------

Java Threads: ( => current thread )
  0x00000000569fd800 JavaThread "pool-2-thread-4" [_thread_blocked, id=7260, stack(0x0000000057a30000,0x0000000057b30000)]
  0x00000000569c3800 JavaThread "pool-2-thread-3" [_thread_blocked, id=1172, stack(0x0000000057760000,0x0000000057860000)]
  0x00000000568bf800 JavaThread "pool-2-thread-2" [_thread_blocked, id=2180, stack(0x00000000574b0000,0x00000000575b0000)]
  0x00000000568ac000 JavaThread "pool-3-thread-1" [_thread_blocked, id=5772, stack(0x00000000575c0000,0x00000000576c0000)]
  0x00000000568ab800 JavaThread "pool-2-thread-1" [_thread_blocked, id=10284, stack(0x0000000057370000,0x0000000057470000)]
  0x0000000056785800 JavaThread "Service Thread" daemon [_thread_blocked, id=9896, stack(0x00000000571c0000,0x00000000572c0000)]
  0x0000000056781800 JavaThread "C1 CompilerThread2" daemon [_thread_in_native, id=10132, stack(0x00000000570a0000,0x00000000571a0000)]
=>0x0000000056780800 JavaThread "C2 CompilerThread1" daemon [_thread_in_native, id=10484, stack(0x0000000056f40000,0x0000000057040000)]
  0x000000005529e000 JavaThread "C2 CompilerThread0" daemon [_thread_in_native, id=2876, stack(0x0000000056e10000,0x0000000056f10000)]
  0x000000005671a800 JavaThread "Attach Listener" daemon [_thread_blocked, id=9156, stack(0x0000000056b20000,0x0000000056c20000)]
  0x0000000055299000 JavaThread "Signal Dispatcher" daemon [_thread_blocked, id=7456, stack(0x0000000056470000,0x0000000056570000)]
  0x000000005527a000 JavaThread "Finalizer" daemon [_thread_blocked, id=11060, stack(0x0000000056610000,0x0000000056710000)]
  0x0000000055233000 JavaThread "Reference Handler" daemon [_thread_blocked, id=9240, stack(0x0000000056350000,0x0000000056450000)]
  0x00000000001ef000 JavaThread "main" [_thread_blocked, id=10560, stack(0x00000000028a0000,0x00000000029a0000)]

Other Threads:
  0x000000005522b800 VMThread [stack: 0x0000000056250000,0x0000000056350000] [id=10148]
  0x00000000567f3800 WatcherThread [stack: 0x0000000056ce0000,0x0000000056de0000] [id=7540]

VM state:at safepoint (normal execution)

VM Mutex/Monitor currently owned by a thread:  ([mutex/lock_event])
[0x00000000026275f0] OopMapCacheAlloc_lock - owner thread: 0x000000000263e000
[0x00000000001ecc30] Threads_lock - owner thread: 0x000000005522b800
[0x00000000001ed130] Heap_lock - owner thread: 0x00000000569fd800
[0x00000000001ed6b0] MethodData_lock - owner thread: 0x00000000569fd800

Heap:
 PSYoungGen      total 36864K, used 12069K [0x00000000eab00000, 0x00000000ed400000, 0x0000000100000000)
  eden space 31744K, 38% used [0x00000000eab00000,0x00000000eb6c9600,0x00000000eca00000)
  from space 5120K, 0% used [0x00000000ecf00000,0x00000000ecf00000,0x00000000ed400000)
  to   space 5120K, 2% used [0x00000000eca00000,0x00000000eca20000,0x00000000ecf00000)
 ParOldGen       total 84992K, used 0K [0x00000000c0000000, 0x00000000c5300000, 0x00000000eab00000)
  object space 84992K, 0% used [0x00000000c0000000,0x00000000c0000000,0x00000000c5300000)
 Metaspace       used 5341K, capacity 6448K, committed 6528K, reserved 1058816K
  class space    used 578K, capacity 616K, committed 640K, reserved 1048576K

Card table byte_map: [0x0000000011d60000,0x0000000011f70000] byte_map_base: 0x0000000011760000

Marking Bits: (ParMarkBitMap*) 0x0000000063ca64f0
 Begin Bits: [0x00000000126a0000, 0x00000000136a0000)
 End Bits:   [0x00000000136a0000, 0x00000000146a0000)

Polling page: 0x0000000000150000

CodeCache: size=245760Kb used=1780Kb max_used=1780Kb free=243979Kb
 bounds [0x00000000029a0000, 0x0000000002c10000, 0x00000000119a0000]
 total_blobs=646 nmethods=383 adapters=176
 compilation: enabled

Compilation events (10 events):
Event: 1.671 Thread 0x0000000056781800 nmethod 346 0x0000000002b488d0 code [0x0000000002b48d40, 0x0000000002b4b728]
Event: 1.671 Thread 0x0000000056781800  347       3       com.android.dx.rop.cst.CstNat::<init> (43 bytes)
Event: 1.672 Thread 0x0000000056781800 nmethod 347 0x0000000002b4ce10 code [0x0000000002b4cfa0, 0x0000000002b4d3b8]
Event: 1.672 Thread 0x0000000056781800  348       1       com.android.dx.rop.cst.CstType::isCategory2 (2 bytes)
Event: 1.672 Thread 0x0000000056781800 nmethod 348 0x0000000002b4d550 code [0x0000000002b4d6a0, 0x0000000002b4d7b0]
Event: 1.710 Thread 0x0000000056780800  349       4       java.lang.String::replace (127 bytes)
Event: 1.711 Thread 0x0000000056781800  350       3       com.android.dx.rop.cst.CstMemberRef::<init> (43 bytes)
Event: 1.711 Thread 0x0000000056781800 nmethod 350 0x0000000002b4d810 code [0x0000000002b4d9c0, 0x0000000002b4de38]
Event: 1.711 Thread 0x0000000056781800  351       3       com.android.dx.cf.direct.AttributeListParser::parseIfNecessary (12 bytes)
Event: 1.712 Thread 0x0000000056781800 nmethod 351 0x0000000002b4e010 code [0x0000000002b4e180, 0x0000000002b4e348]

GC Heap History (0 events):
No events

Deoptimization events (0 events):
No events

Internal exceptions (2 events):
Event: 0.102 Thread 0x00000000001ef000 Exception <a 'java/lang/NoSuchMethodError': Method sun.misc.Unsafe.defineClass(Ljava/lang/String;[BII)Ljava/lang/Class; name or signature does not match> (0x00000000eab07cc0) thrown at [D:\re\workspace\8-2-build-windows-amd64-cygwin\jdk8u92\6642\hotspot\srW"™Ð'º?
Event: 0.102 Thread 0x00000000001ef000 Exception <a 'java/lang/NoSuchMethodError': Method sun.misc.Unsafe.prefetchRead(Ljava/lang/Object;J)V name or signature does not match> (0x00000000eab07fa8) thrown at [D:\re\workspace\8-2-build-windows-amd64-cygwin\jdk8u92\6642\hotspot\src\share\vm\prims\j

Events (10 events):
Event: 1.526 loading class com/android/dx/dex/code/form/Form21c
Event: 1.526 loading class com/android/dx/dex/code/form/Form21c done
Event: 1.527 loading class com/android/dx/dex/code/form/Form31c
Event: 1.527 loading class com/android/dx/dex/code/form/Form31c done
Event: 1.528 loading class com/android/dx/dex/code/form/Form22c
Event: 1.528 loading class com/android/dx/dex/code/form/Form22c done
Event: 1.529 loading class com/android/dx/dex/code/form/Form35c
Event: 1.529 loading class com/android/dx/dex/code/form/Form35c done
Event: 1.529 loading class com/android/dx/dex/code/form/Form3rc
Event: 1.529 loading class com/android/dx/dex/code/form/Form3rc done


Dynamic libraries:
0x000000013ff50000 - 0x000000013ff87000 	D:\Program Files\Java\jdk1.8.0_92\bin\java.exe
0x0000000076dc0000 - 0x0000000076f6a000 	C:\Windows\SYSTEM32\ntdll.dll
0x0000000076ca0000 - 0x0000000076dbf000 	C:\Windows\system32\kernel32.dll
0x000007fefcb40000 - 0x000007fefcbab000 	C:\Windows\system32\KERNELBASE.dll
0x000007fefe490000 - 0x000007fefe56b000 	C:\Windows\system32\ADVAPI32.dll
0x000007fefec70000 - 0x000007fefed0f000 	C:\Windows\system32\msvcrt.dll
0x000007fefec40000 - 0x000007fefec5f000 	C:\Windows\SYSTEM32\sechost.dll
0x000007fefef40000 - 0x000007feff06d000 	C:\Windows\system32\RPCRT4.dll
0x0000000076a60000 - 0x0000000076b5a000 	C:\Windows\system32\USER32.dll
0x000007fefe570000 - 0x000007fefe5d7000 	C:\Windows\system32\GDI32.dll
0x000007fefd2a0000 - 0x000007fefd2ae000 	C:\Windows\system32\LPK.dll
0x000007fefed10000 - 0x000007fefedda000 	C:\Windows\system32\USP10.dll
0x000007fefbd40000 - 0x000007fefbf34000 	C:\Windows\WinSxS\amd64_microsoft.windows.common-controls_6595b64144ccf1df_6.0.7601.18837_none_fa3b1e3d17594757\COMCTL32.dll
0x000007fefd140000 - 0x000007fefd1b1000 	C:\Windows\system32\SHLWAPI.dll
0x000007fefd330000 - 0x000007fefd35e000 	C:\Windows\system32\IMM32.DLL
0x000007fefee30000 - 0x000007fefef39000 	C:\Windows\system32\MSCTF.dll
0x0000000062680000 - 0x0000000062752000 	D:\Program Files\Java\jdk1.8.0_92\jre\bin\msvcr100.dll
0x0000000063490000 - 0x0000000063d26000 	D:\Program Files\Java\jdk1.8.0_92\jre\bin\server\jvm.dll
0x000007fefa200000 - 0x000007fefa209000 	C:\Windows\system32\WSOCK32.dll
0x000007fefede0000 - 0x000007fefee2d000 	C:\Windows\system32\WS2_32.dll
0x000007fefec60000 - 0x000007fefec68000 	C:\Windows\system32\NSI.dll
0x000007fefcf00000 - 0x000007fefcf3b000 	C:\Windows\system32\WINMM.dll
0x000007fefba50000 - 0x000007fefba5c000 	C:\Windows\system32\VERSION.dll
0x0000000076f80000 - 0x0000000076f87000 	C:\Windows\system32\PSAPI.DLL
0x0000000074430000 - 0x000000007443f000 	D:\Program Files\Java\jdk1.8.0_92\jre\bin\verify.dll
0x0000000074400000 - 0x0000000074429000 	D:\Program Files\Java\jdk1.8.0_92\jre\bin\java.dll
0x00000000743e0000 - 0x00000000743f6000 	D:\Program Files\Java\jdk1.8.0_92\jre\bin\zip.dll
0x000007fefd660000 - 0x000007fefe3e9000 	C:\Windows\system32\SHELL32.dll
0x000007fefea30000 - 0x000007fefec33000 	C:\Windows\system32\ole32.dll
0x000007fefca90000 - 0x000007fefca9f000 	C:\Windows\system32\profapi.dll

VM Arguments:
jvm_args: -Djava.awt.headless=true -Xmx1024M -Dfile.encoding=GBK -Duser.country=CN -Duser.language=zh -Duser.variant 
java_command: com.android.dx.command.Main --dex --force-jumbo --num-threads=4 --multi-dex --output C:\Users\ThinkPad\Desktop\Foodamental-master\app\build\intermediates\transforms\dex\debug\folders\1000\5\slice_4 C:\Users\ThinkPad\Desktop\Foodamental-master\app\build\intermediates\transforms\instantRunSlicer\debug\folders\1\5\slice_4
java_class_path (initial): D:\sdk\build-tools\23.0.2\lib\dx.jar
Launcher Type: SUN_STANDARD

Environment Variables:
PATH=C:\ProgramData\Oracle\Java\javapath;C:\PROGRAM FILES (X86)\INTEL\ICLS CLIENT\;C:\PROGRAM FILES\INTEL\ICLS CLIENT\;C:\Windows\SYSTEM32;C:\Windows;C:\Windows\SYSTEM32\WBEM;C:\Windows\SYSTEM32\WINDOWSPOWERSHELL\V1.0\;C:\PROGRAM FILES\INTEL\INTEL(R) MANAGEMENT ENGINE COMPONENTS\DAL;C:\PROGRAM FILES\INTEL\INTEL(R) MANAGEMENT ENGINE COMPONENTS\IPT;C:\PROGRAM FILES (X86)\INTEL\INTEL(R) MANAGEMENT ENGINE COMPONENTS\DAL;C:\PROGRAM FILES (X86)\INTEL\INTEL(R) MANAGEMENT ENGINE COMPONENTS\IPT;C:\PROGRAM FILES (X86)\LENOVO\ACCESS CONNECTIONS\;C:\Program Files\ThinkPad\Bluetooth Software\;C:\Program Files\ThinkPad\Bluetooth Software\syswow64;C:\Program Files (x86)\Intel\OpenCL SDK\3.0\bin\x86;C:\Program Files (x86)\Intel\OpenCL SDK\3.0\bin\x64;C:\Program Files\OpenVPN\bin;C:\Program Files\Microsoft\Web Platform Installer\;C:\Program Files (x86)\Windows Kits\8.1\Windows Performance Toolkit\;C:\Program Files\Microsoft SQL Server\110\Tools\Binn\;C:\Program Files (x86)\Microsoft SDKs\TypeScript\1.0\;C:\Program Files\Microsoft SQL Server\120\Tools\Binn\;C:\Program Files (x86)\Skype\Phone\;%OPENCV_DIR%\bin;C:\Windows\system32\config\systemprofile\.dnx\bin;C:\Program Files\Microsoft DNX\Dnvm\;C:\Program Files\Microsoft SQL Server\130\Tools\Binn\;C:\Program Files\Git\cmd
USERNAME=ThinkPad
OS=Windows_NT
PROCESSOR_IDENTIFIER=Intel64 Family 6 Model 58 Stepping 9, GenuineIntel



---------------  S Y S T E M  ---------------

OS: Windows 7 , 64 bit Build 7601 (6.1.7601.19160)

CPU:total 4 (2 cores per cpu, 2 threads per core) family 6 model 58 stepping 9, cmov, cx8, fxsr, mmx, sse, sse2, sse3, ssse3, sse4.1, sse4.2, popcnt, avx, aes, clmul, erms, ht, tsc, tscinvbit, tscinv

Memory: 4k page, physical 8077104k(1366256k free), swap 8075268k(623124k free)

vm_info: Java HotSpot(TM) 64-Bit Server VM (25.92-b14) for windows-amd64 JRE (1.8.0_92-b14), built on Mar 31 2016 21:03:04 by "java_re" with MS VC++ 10.0 (VS2010)

time: Wed Jun 15 11:35:35 2016
elapsed time: 3 seconds (0d 0h 0m 3s)

