#
# There is insufficient memory for the Java Runtime Environment to continue.
# Native memory allocation (malloc) failed to allocate 472736 bytes for Chunk::new
# Possible reasons:
#   The system is out of physical RAM or swap space
#   In 32 bit mode, the process size limit was hit
# Possible solutions:
#   Reduce memory load on the system
#   Increase physical memory or swap space
#   Check if swap backing store is full
#   Use 64 bit Java on a 64 bit OS
#   Decrease Java heap size (-Xmx/-Xms)
#   Decrease number of Java threads
#   Decrease Java thread stack sizes (-Xss)
#   Set larger code cache with -XX:ReservedCodeCacheSize=
# This output file may be truncated or incomplete.
#
#  Out of Memory Error (allocation.cpp:390), pid=9532, tid=0x00000000000026e8
#
# JRE version: Java(TM) SE Runtime Environment (8.0_92-b14) (build 1.8.0_92-b14)
# Java VM: Java HotSpot(TM) 64-Bit Server VM (25.92-b14 mixed mode windows-amd64 compressed oops)
# Failed to write core dump. Minidumps are not enabled by default on client versions of Windows
#

---------------  T H R E A D  ---------------

Current thread (0x000000005511e000):  JavaThread "C2 CompilerThread1" daemon [_thread_in_native, id=9960, stack(0x0000000056ef0000,0x0000000056ff0000)]

Stack: [0x0000000056ef0000,0x0000000056ff0000]
[error occurred during error reporting (printing stack bounds), id 0xc0000005]

Native frames: (J=compiled Java code, j=interpreted, Vv=VM code, C=native code)


Current CompileTask:
C2:   3731  865   !   4       com.android.dx.cf.code.BytecodeArray::parseInstruction (2764 bytes)


---------------  P R O C E S S  ---------------

Java Threads: ( => current thread )
  0x00000000568af000 JavaThread "pool-2-thread-4" [_thread_blocked, id=9772, stack(0x0000000057620000,0x0000000057720000)]
  0x00000000568a3000 JavaThread "pool-2-thread-3" [_thread_blocked, id=8668, stack(0x0000000057400000,0x0000000057500000)]
  0x0000000056892000 JavaThread "pool-2-thread-2" [_thread_blocked, id=9420, stack(0x0000000057500000,0x0000000057600000)]
  0x00000000568d6000 JavaThread "pool-3-thread-1" [_thread_blocked, id=10024, stack(0x0000000057180000,0x0000000057280000)]
  0x00000000568d1000 JavaThread "pool-2-thread-1" [_thread_blocked, id=9792, stack(0x0000000056000000,0x0000000056100000)]
  0x00000000565ef800 JavaThread "Service Thread" daemon [_thread_blocked, id=9796, stack(0x0000000057080000,0x0000000057180000)]
  0x000000005511f000 JavaThread "C1 CompilerThread2" daemon [_thread_in_native, id=9856, stack(0x0000000056280000,0x0000000056380000)]
=>0x000000005511e000 JavaThread "C2 CompilerThread1" daemon [_thread_in_native, id=9960, stack(0x0000000056ef0000,0x0000000056ff0000)]
  0x000000005511c000 JavaThread "C2 CompilerThread0" daemon [_thread_in_native, id=8432, stack(0x00000000569d0000,0x0000000056ad0000)]
  0x00000000565da800 JavaThread "Attach Listener" daemon [_thread_blocked, id=10060, stack(0x0000000056cc0000,0x0000000056dc0000)]
  0x000000005510d000 JavaThread "Signal Dispatcher" daemon [_thread_blocked, id=4980, stack(0x0000000056af0000,0x0000000056bf0000)]
  0x00000000550f4800 JavaThread "Finalizer" daemon [_thread_blocked, id=3336, stack(0x00000000564d0000,0x00000000565d0000)]
  0x00000000550b3000 JavaThread "Reference Handler" daemon [_thread_blocked, id=9076, stack(0x0000000056380000,0x0000000056480000)]
  0x00000000024bf000 JavaThread "main" [_thread_blocked, id=10020, stack(0x00000000026c0000,0x00000000027c0000)]

Other Threads:
  0x00000000550ab800 VMThread [stack: 0x0000000056110000,0x0000000056210000] [id=7428]
  0x000000005665c800 WatcherThread [stack: 0x00000000572e0000,0x00000000573e0000] [id=8908]

VM state:not at safepoint (normal execution)

VM Mutex/Monitor currently owned by a thread: None

Heap:
 PSYoungGen      total 36864K, used 27586K [0x00000000eab00000, 0x00000000ed400000, 0x0000000100000000)
  eden space 31744K, 86% used [0x00000000eab00000,0x00000000ec5f0818,0x00000000eca00000)
  from space 5120K, 0% used [0x00000000ecf00000,0x00000000ecf00000,0x00000000ed400000)
  to   space 5120K, 0% used [0x00000000eca00000,0x00000000eca00000,0x00000000ecf00000)
 ParOldGen       total 84992K, used 0K [0x00000000c0000000, 0x00000000c5300000, 0x00000000eab00000)
  object space 84992K, 0% used [0x00000000c0000000,0x00000000c0000000,0x00000000c5300000)
 Metaspace       used 5814K, capacity 6710K, committed 6784K, reserved 1056768K
  class space    used 598K, capacity 622K, committed 640K, reserved 1048576K

Card table byte_map: [0x0000000011b80000,0x0000000011d90000] byte_map_base: 0x0000000011580000

Marking Bits: (ParMarkBitMap*) 0x000000005a3564f0
 Begin Bits: [0x0000000012520000, 0x0000000013520000)
 End Bits:   [0x0000000013520000, 0x0000000014520000)

Polling page: 0x0000000000440000

CodeCache: size=245760Kb used=2787Kb max_used=2798Kb free=242972Kb
 bounds [0x00000000027c0000, 0x0000000002a80000, 0x00000000117c0000]
 total_blobs=1053 nmethods=782 adapters=184
 compilation: enabled

Compilation events (10 events):
Event: 3.663 Thread 0x000000005511c000 nmethod 870 0x0000000002a7ac10 code [0x0000000002a7ad60, 0x0000000002a7ae58]
Event: 3.664 Thread 0x000000005511c000  872       4       java.util.Collections$UnmodifiableCollection::iterator (9 bytes)
Event: 3.669 Thread 0x000000005511c000 nmethod 872 0x0000000002a7d650 code [0x0000000002a7d7c0, 0x0000000002a7da78]
Event: 3.669 Thread 0x000000005511c000  873       4       java.lang.String::getChars (62 bytes)
Event: 3.671 Thread 0x000000005511c000 nmethod 873 0x0000000002a6abd0 code [0x0000000002a6ad20, 0x0000000002a6ae78]
Event: 3.671 Thread 0x000000005511c000  874       4       java.util.ArrayList$SubList::size (9 bytes)
Event: 3.672 Thread 0x000000005511c000 nmethod 874 0x0000000002a63a90 code [0x0000000002a63bc0, 0x0000000002a63c38]
Event: 3.672 Thread 0x000000005511c000  875       4       java.util.ArrayList::subListRangeCheck (110 bytes)
Event: 3.672 Thread 0x000000005511c000 nmethod 875 0x0000000002a63d50 code [0x0000000002a63e80, 0x0000000002a63f18]
Event: 3.673 Thread 0x000000005511c000  877       4       com.android.dx.util.LabeledList::addLabelIndex (43 bytes)

GC Heap History (0 events):
No events

Deoptimization events (7 events):
Event: 2.489 Thread 0x00000000568a3000 Uncommon trap: reason=unstable_if action=reinterpret pc=0x00000000029a7508 method=java.util.HashMap.getNode(ILjava/lang/Object;)Ljava/util/HashMap$Node; @ 129
Event: 2.523 Thread 0x00000000568af000 Uncommon trap: reason=unstable_if action=reinterpret pc=0x00000000029b55e0 method=java.util.BitSet.nextSetBit(I)I @ 87
Event: 2.531 Thread 0x00000000568a3000 Uncommon trap: reason=unstable_if action=reinterpret pc=0x00000000029dd4e4 method=java.util.BitSet.ensureCapacity(I)V @ 6
Event: 3.560 Thread 0x00000000568af000 Uncommon trap: reason=class_check action=maybe_recompile pc=0x0000000002a05bd4 method=com.android.dx.ssa.NormalSsaInsn.accept(Lcom/android/dx/ssa/SsaInsn$Visitor;)V @ 9
Event: 3.561 Thread 0x00000000568af000 Uncommon trap: reason=class_check action=maybe_recompile pc=0x00000000029e3360 method=com.android.dx.ssa.NormalSsaInsn.accept(Lcom/android/dx/ssa/SsaInsn$Visitor;)V @ 9
Event: 3.561 Thread 0x00000000568af000 Uncommon trap: reason=class_check action=maybe_recompile pc=0x00000000029e3360 method=com.android.dx.ssa.NormalSsaInsn.accept(Lcom/android/dx/ssa/SsaInsn$Visitor;)V @ 9
Event: 3.561 Thread 0x00000000568af000 Uncommon trap: reason=class_check action=maybe_recompile pc=0x00000000029e3360 method=com.android.dx.ssa.NormalSsaInsn.accept(Lcom/android/dx/ssa/SsaInsn$Visitor;)V @ 9

Internal exceptions (2 events):
Event: 0.082 Thread 0x00000000024bf000 Exception <a 'java/lang/NoSuchMethodError': Method sun.misc.Unsafe.defineClass(Ljava/lang/String;[BII)Ljava/lang/Class; name or signature does not match> (0x00000000eab07cc0) thrown at [D:\re\workspace\8-2-build-windows-amd64-cygwin\jdk8u92\6642\hotspot\srl=‘Ã	µ?
Event: 0.082 Thread 0x00000000024bf000 Exception <a 'java/lang/NoSuchMethodError': Method sun.misc.Unsafe.prefetchRead(Ljava/lang/Object;J)V name or signature does not match> (0x00000000eab07fa8) thrown at [D:\re\workspace\8-2-build-windows-amd64-cygwin\jdk8u92\6642\hotspot\src\share\vm\prims\j

Events (10 events):
Event: 3.561 Thread 0x00000000568af000 DEOPT UNPACKING pc=0x000000000280582a sp=0x000000005771e5b0 mode 2
Event: 3.561 Thread 0x00000000568af000 Uncommon trap: trap_request=0xffffffde fr.pc=0x00000000029e3360
Event: 3.561 Thread 0x00000000568af000 DEOPT PACKING pc=0x00000000029e3360 sp=0x000000005771e600
Event: 3.561 Thread 0x00000000568af000 DEOPT UNPACKING pc=0x000000000280582a sp=0x000000005771e5a0 mode 2
Event: 3.561 Thread 0x00000000568af000 Uncommon trap: trap_request=0xffffffde fr.pc=0x00000000029e3360
Event: 3.561 Thread 0x00000000568af000 DEOPT PACKING pc=0x00000000029e3360 sp=0x000000005771e600
Event: 3.561 Thread 0x00000000568af000 DEOPT UNPACKING pc=0x000000000280582a sp=0x000000005771e5a0 mode 2
Event: 3.561 Thread 0x00000000568af000 Uncommon trap: trap_request=0xffffffde fr.pc=0x00000000029e3360
Event: 3.561 Thread 0x00000000568af000 DEOPT PACKING pc=0x00000000029e3360 sp=0x000000005771e600
Event: 3.561 Thread 0x00000000568af000 DEOPT UNPACKING pc=0x000000000280582a sp=0x000000005771e5a0 mode 2


Dynamic libraries:
0x000000013ff90000 - 0x000000013ffc7000 	D:\Program Files\Java\jdk1.8.0_92\bin\java.exe
0x0000000077220000 - 0x00000000773ca000 	C:\Windows\SYSTEM32\ntdll.dll
0x0000000077100000 - 0x000000007721f000 	C:\Windows\system32\kernel32.dll
0x000007fefd2f0000 - 0x000007fefd35b000 	C:\Windows\system32\KERNELBASE.dll
0x000007fefec20000 - 0x000007fefecfb000 	C:\Windows\system32\ADVAPI32.dll
0x000007feff420000 - 0x000007feff4bf000 	C:\Windows\system32\msvcrt.dll
0x000007fefd410000 - 0x000007fefd42f000 	C:\Windows\SYSTEM32\sechost.dll
0x000007feff020000 - 0x000007feff14d000 	C:\Windows\system32\RPCRT4.dll
0x0000000077000000 - 0x00000000770fa000 	C:\Windows\system32\USER32.dll
0x000007fefd3a0000 - 0x000007fefd407000 	C:\Windows\system32\GDI32.dll
0x000007fefd430000 - 0x000007fefd43e000 	C:\Windows\system32\LPK.dll
0x000007fefeb50000 - 0x000007fefec1a000 	C:\Windows\system32\USP10.dll
0x000007fefc110000 - 0x000007fefc304000 	C:\Windows\WinSxS\amd64_microsoft.windows.common-controls_6595b64144ccf1df_6.0.7601.18837_none_fa3b1e3d17594757\COMCTL32.dll
0x000007fefea30000 - 0x000007fefeaa1000 	C:\Windows\system32\SHLWAPI.dll
0x000007fefeff0000 - 0x000007feff01e000 	C:\Windows\system32\IMM32.DLL
0x000007fefd7a0000 - 0x000007fefd8a9000 	C:\Windows\system32\MSCTF.dll
0x000000006a6f0000 - 0x000000006a7c2000 	D:\Program Files\Java\jdk1.8.0_92\jre\bin\msvcr100.dll
0x0000000059b40000 - 0x000000005a3d6000 	D:\Program Files\Java\jdk1.8.0_92\jre\bin\server\jvm.dll
0x000007fefaa80000 - 0x000007fefaa89000 	C:\Windows\system32\WSOCK32.dll
0x000007feff4e0000 - 0x000007feff52d000 	C:\Windows\system32\WS2_32.dll
0x000007feff410000 - 0x000007feff418000 	C:\Windows\system32\NSI.dll
0x000007fefd360000 - 0x000007fefd39b000 	C:\Windows\system32\WINMM.dll
0x000007fefbe70000 - 0x000007fefbe7c000 	C:\Windows\system32\VERSION.dll
0x00000000773f0000 - 0x00000000773f7000 	C:\Windows\system32\PSAPI.DLL
0x0000000074880000 - 0x000000007488f000 	D:\Program Files\Java\jdk1.8.0_92\jre\bin\verify.dll
0x00000000742d0000 - 0x00000000742f9000 	D:\Program Files\Java\jdk1.8.0_92\jre\bin\java.dll
0x00000000742b0000 - 0x00000000742c6000 	D:\Program Files\Java\jdk1.8.0_92\jre\bin\zip.dll
0x000007fefd8b0000 - 0x000007fefe639000 	C:\Windows\system32\SHELL32.dll
0x000007fefede0000 - 0x000007fefefe3000 	C:\Windows\system32\ole32.dll
0x000007fefcef0000 - 0x000007fefceff000 	C:\Windows\system32\profapi.dll

VM Arguments:
jvm_args: -Djava.awt.headless=true -Xmx1024M -Dfile.encoding=GBK -Duser.country=CN -Duser.language=zh -Duser.variant 
java_command: com.android.dx.command.Main --dex --force-jumbo --num-threads=4 --multi-dex --output C:\Users\ThinkPad\Desktop\Foodamental-master\app\build\intermediates\transforms\dex\debug\folders\1000\10\com.google.android.gms-play-services-wallet-8.1.0_63e8862cd2c61f799d43b2d4f5bbc00c9a4a8f39 C:\Users\ThinkPad\Desktop\Foodamental-master\app\build\intermediates\exploded-aar\com.google.android.gms\play-services-wallet\8.1.0\jars\classes.jar
java_class_path (initial): D:\sdk\build-tools\23.0.2\lib\dx.jar
Launcher Type: SUN_STANDARD

Environment Variables:
PATH=C:\ProgramData\Oracle\Java\javapath;C:\PROGRAM FILES (X86)\INTEL\ICLS CLIENT\;C:\PROGRAM FILES\INTEL\ICLS CLIENT\;C:\Windows\SYSTEM32;C:\Windows;C:\Windows\SYSTEM32\WBEM;C:\Windows\SYSTEM32\WINDOWSPOWERSHELL\V1.0\;C:\PROGRAM FILES\INTEL\INTEL(R) MANAGEMENT ENGINE COMPONENTS\DAL;C:\PROGRAM FILES\INTEL\INTEL(R) MANAGEMENT ENGINE COMPONENTS\IPT;C:\PROGRAM FILES (X86)\INTEL\INTEL(R) MANAGEMENT ENGINE COMPONENTS\DAL;C:\PROGRAM FILES (X86)\INTEL\INTEL(R) MANAGEMENT ENGINE COMPONENTS\IPT;C:\PROGRAM FILES (X86)\LENOVO\ACCESS CONNECTIONS\;C:\Program Files\ThinkPad\Bluetooth Software\;C:\Program Files\ThinkPad\Bluetooth Software\syswow64;C:\Program Files (x86)\Intel\OpenCL SDK\3.0\bin\x86;C:\Program Files (x86)\Intel\OpenCL SDK\3.0\bin\x64;C:\Program Files\OpenVPN\bin;C:\Program Files\Microsoft\Web Platform Installer\;C:\Program Files (x86)\Windows Kits\8.1\Windows Performance Toolkit\;C:\Program Files\Microsoft SQL Server\110\Tools\Binn\;C:\Program Files (x86)\Microsoft SDKs\TypeScript\1.0\;C:\Program Files\Microsoft SQL Server\120\Tools\Binn\;C:\Program Files (x86)\Skype\Phone\;%OPENCV_DIR%\bin;C:\Windows\system32\config\systemprofile\.dnx\bin;C:\Program Files\Microsoft DNX\Dnvm\;C:\Program Files\Microsoft SQL Server\130\Tools\Binn\;C:\Program Files\Git\cmd
USERNAME=ThinkPad
OS=Windows_NT
PROCESSOR_IDENTIFIER=Intel64 Family 6 Model 58 Stepping 9, GenuineIntel



---------------  S Y S T E M  ---------------

OS: Windows 7 , 64 bit Build 7601 (6.1.7601.19160)

CPU:total 4 (2 cores per cpu, 2 threads per core) family 6 model 58 stepping 9, cmov, cx8, fxsr, mmx, sse, sse2, sse3, ssse3, sse4.1, sse4.2, popcnt, avx, aes, clmul, erms, ht, tsc, tscinvbit, tscinv

Memory: 4k page, physical 8077104k(1076340k free), swap 8075268k(3824k free)

vm_info: Java HotSpot(TM) 64-Bit Server VM (25.92-b14) for windows-amd64 JRE (1.8.0_92-b14), built on Mar 31 2016 21:03:04 by "java_re" with MS VC++ 10.0 (VS2010)

time: Thu Jun 16 16:51:04 2016
elapsed time: 3 seconds (0d 0h 0m 3s)

