#
# There is insufficient memory for the Java Runtime Environment to continue.
# Native memory allocation (malloc) failed to allocate 588976 bytes for Chunk::new
# Possible reasons:
#   The system is out of physical RAM or swap space
#   In 32 bit mode, the process size limit was hit
# Possible solutions:
#   Reduce memory load on the system
#   Increase physical memory or swap space
#   Check if swap backing store is full
#   Use 64 bit Java on a 64 bit OS
#   Decrease Java heap size (-Xmx/-Xms)
#   Decrease number of Java threads
#   Decrease Java thread stack sizes (-Xss)
#   Set larger code cache with -XX:ReservedCodeCacheSize=
# This output file may be truncated or incomplete.
#
#  Out of Memory Error (allocation.cpp:390), pid=5356, tid=0x00000000000018d4
#
# JRE version: Java(TM) SE Runtime Environment (8.0_92-b14) (build 1.8.0_92-b14)
# Java VM: Java HotSpot(TM) 64-Bit Server VM (25.92-b14 mixed mode windows-amd64 compressed oops)
# Failed to write core dump. Minidumps are not enabled by default on client versions of Windows
#

---------------  T H R E A D  ---------------

Current thread (0x00000000553be000):  JavaThread "C2 CompilerThread0" daemon [_thread_in_native, id=6356, stack(0x00000000561c0000,0x00000000562c0000)]

Stack: [0x00000000561c0000,0x00000000562c0000]
[error occurred during error reporting (printing stack bounds), id 0xc0000005]

Native frames: (J=compiled Java code, j=interpreted, Vv=VM code, C=native code)


Current CompileTask:
C2:   9643 1758       4       com.android.dx.dex.code.OutputFinisher::addConstants (93 bytes)


---------------  P R O C E S S  ---------------

Java Threads: ( => current thread )
  0x000000005697a800 JavaThread "pool-1-thread-1" [_thread_in_Java, id=11276, stack(0x00000000573d0000,0x00000000574d0000)]
  0x00000000566d0000 JavaThread "Service Thread" daemon [_thread_blocked, id=10792, stack(0x0000000057090000,0x0000000057190000)]
  0x0000000056666000 JavaThread "C1 CompilerThread2" daemon [_thread_blocked, id=10876, stack(0x0000000056f50000,0x0000000057050000)]
  0x0000000056665000 JavaThread "C2 CompilerThread1" daemon [_thread_blocked, id=10564, stack(0x0000000056cd0000,0x0000000056dd0000)]
=>0x00000000553be000 JavaThread "C2 CompilerThread0" daemon [_thread_in_native, id=6356, stack(0x00000000561c0000,0x00000000562c0000)]
  0x00000000553bb000 JavaThread "Attach Listener" daemon [_thread_blocked, id=2104, stack(0x0000000056bd0000,0x0000000056cd0000)]
  0x0000000056658800 JavaThread "Signal Dispatcher" daemon [_thread_blocked, id=10972, stack(0x0000000056aa0000,0x0000000056ba0000)]
  0x000000005539a000 JavaThread "Finalizer" daemon [_thread_blocked, id=10816, stack(0x0000000056420000,0x0000000056520000)]
  0x0000000055353000 JavaThread "Reference Handler" daemon [_thread_blocked, id=3308, stack(0x0000000056550000,0x0000000056650000)]
  0x00000000023ff000 JavaThread "main" [_thread_blocked, id=7972, stack(0x00000000026e0000,0x00000000027e0000)]

Other Threads:
  0x000000005534b800 VMThread [stack: 0x0000000056320000,0x0000000056420000] [id=10104]
  0x0000000056719800 WatcherThread [stack: 0x00000000572b0000,0x00000000573b0000] [id=11028]

VM state:not at safepoint (normal execution)

VM Mutex/Monitor currently owned by a thread: None

Heap:
 PSYoungGen      total 68608K, used 32402K [0x00000000eab00000, 0x00000000ef300000, 0x0000000100000000)
  eden space 63488K, 43% used [0x00000000eab00000,0x00000000ec5ac660,0x00000000ee900000)
  from space 5120K, 99% used [0x00000000eee00000,0x00000000ef2f8258,0x00000000ef300000)
  to   space 5120K, 0% used [0x00000000ee900000,0x00000000ee900000,0x00000000eee00000)
 ParOldGen       total 84992K, used 5694K [0x00000000c0000000, 0x00000000c5300000, 0x00000000eab00000)
  object space 84992K, 6% used [0x00000000c0000000,0x00000000c058f928,0x00000000c5300000)
 Metaspace       used 6593K, capacity 7416K, committed 7680K, reserved 1056768K
  class space    used 628K, capacity 688K, committed 768K, reserved 1048576K

Card table byte_map: [0x0000000011ba0000,0x0000000011db0000] byte_map_base: 0x00000000115a0000

Marking Bits: (ParMarkBitMap*) 0x0000000063ca64f0
 Begin Bits: [0x00000000127c0000, 0x00000000137c0000)
 End Bits:   [0x00000000137c0000, 0x00000000147c0000)

Polling page: 0x0000000002340000

CodeCache: size=245760Kb used=8220Kb max_used=8228Kb free=237540Kb
 bounds [0x00000000027e0000, 0x0000000003000000, 0x00000000117e0000]
 total_blobs=2260 nmethods=1988 adapters=185
 compilation: enabled

Compilation events (10 events):
Event: 9.619 Thread 0x0000000056666000 nmethod 1991 0x0000000002febdd0 code [0x0000000002febf40, 0x0000000002fec170]
Event: 9.621 Thread 0x0000000056666000 1992       3       com.android.dx.dex.file.DebugInfoEncoder::emitStringIndex (45 bytes)
Event: 9.622 Thread 0x0000000056666000 nmethod 1992 0x0000000002fef350 code [0x0000000002fef520, 0x0000000002fefbc8]
Event: 9.622 Thread 0x0000000056665000 nmethod 1955 0x0000000002fefe10 code [0x0000000002feff80, 0x0000000002ff0478]
Event: 9.622 Thread 0x0000000056666000 1993       3       com.android.dx.dex.code.LocalList$Entry::getName (11 bytes)
Event: 9.622 Thread 0x0000000056666000 nmethod 1993 0x0000000002feeed0 code [0x0000000002fef040, 0x0000000002fef270]
Event: 9.625 Thread 0x0000000056666000 1994       3       com.android.dx.util.ByteArrayAnnotatedOutput::<init> (8 bytes)
Event: 9.625 Thread 0x0000000056666000 nmethod 1994 0x0000000002fee9d0 code [0x0000000002feeb40, 0x0000000002feedc8]
Event: 9.625 Thread 0x0000000056666000 1995       3       com.android.dx.util.ByteArrayAnnotatedOutput::<init> (9 bytes)
Event: 9.625 Thread 0x0000000056666000 nmethod 1995 0x0000000002fee590 code [0x0000000002fee700, 0x0000000002fee928]

GC Heap History (4 events):
Event: 3.993 GC heap before
{Heap before GC invocations=1 (full 0):
 PSYoungGen      total 36864K, used 31744K [0x00000000eab00000, 0x00000000ed400000, 0x0000000100000000)
  eden space 31744K, 100% used [0x00000000eab00000,0x00000000eca00000,0x00000000eca00000)
  from space 5120K, 0% used [0x00000000ecf00000,0x00000000ecf00000,0x00000000ed400000)
  to   space 5120K, 0% used [0x00000000eca00000,0x00000000eca00000,0x00000000ecf00000)
 ParOldGen       total 84992K, used 0K [0x00000000c0000000, 0x00000000c5300000, 0x00000000eab00000)
  object space 84992K, 0% used [0x00000000c0000000,0x00000000c0000000,0x00000000c5300000)
 Metaspace       used 6077K, capacity 6902K, committed 7040K, reserved 1056768K
  class space    used 606K, capacity 622K, committed 640K, reserved 1048576K
Event: 4.277 GC heap after
Heap after GC invocations=1 (full 0):
 PSYoungGen      total 36864K, used 5099K [0x00000000eab00000, 0x00000000ef300000, 0x0000000100000000)
  eden space 31744K, 0% used [0x00000000eab00000,0x00000000eab00000,0x00000000eca00000)
  from space 5120K, 99% used [0x00000000eca00000,0x00000000ecefaec8,0x00000000ecf00000)
  to   space 5120K, 0% used [0x00000000eee00000,0x00000000eee00000,0x00000000ef300000)
 ParOldGen       total 84992K, used 1252K [0x00000000c0000000, 0x00000000c5300000, 0x00000000eab00000)
  object space 84992K, 1% used [0x00000000c0000000,0x00000000c0139110,0x00000000c5300000)
 Metaspace       used 6077K, capacity 6902K, committed 7040K, reserved 1056768K
  class space    used 606K, capacity 622K, committed 640K, reserved 1048576K
}
Event: 6.313 GC heap before
{Heap before GC invocations=2 (full 0):
 PSYoungGen      total 36864K, used 36843K [0x00000000eab00000, 0x00000000ef300000, 0x0000000100000000)
  eden space 31744K, 100% used [0x00000000eab00000,0x00000000eca00000,0x00000000eca00000)
  from space 5120K, 99% used [0x00000000eca00000,0x00000000ecefaec8,0x00000000ecf00000)
  to   space 5120K, 0% used [0x00000000eee00000,0x00000000eee00000,0x00000000ef300000)
 ParOldGen       total 84992K, used 1252K [0x00000000c0000000, 0x00000000c5300000, 0x00000000eab00000)
  object space 84992K, 1% used [0x00000000c0000000,0x00000000c0139110,0x00000000c5300000)
 Metaspace       used 6233K, capacity 7030K, committed 7296K, reserved 1056768K
  class space    used 607K, capacity 622K, committed 640K, reserved 1048576K
Event: 6.485 GC heap after
Heap after GC invocations=2 (full 0):
 PSYoungGen      total 68608K, used 5088K [0x00000000eab00000, 0x00000000ef300000, 0x0000000100000000)
  eden space 63488K, 0% used [0x00000000eab00000,0x00000000eab00000,0x00000000ee900000)
  from space 5120K, 99% used [0x00000000eee00000,0x00000000ef2f8258,0x00000000ef300000)
  to   space 5120K, 0% used [0x00000000ee900000,0x00000000ee900000,0x00000000eee00000)
 ParOldGen       total 84992K, used 5694K [0x00000000c0000000, 0x00000000c5300000, 0x00000000eab00000)
  object space 84992K, 6% used [0x00000000c0000000,0x00000000c058f928,0x00000000c5300000)
 Metaspace       used 6233K, capacity 7030K, committed 7296K, reserved 1056768K
  class space    used 607K, capacity 622K, committed 640K, reserved 1048576K
}

Deoptimization events (10 events):
Event: 9.076 Thread 0x000000005697a800 Uncommon trap: reason=class_check action=maybe_recompile pc=0x0000000002cc1370 method=java.util.HashMap.putVal(ILjava/lang/Object;Ljava/lang/Object;ZZ)Ljava/lang/Object; @ 203
Event: 9.077 Thread 0x000000005697a800 Uncommon trap: reason=bimorphic action=maybe_recompile pc=0x0000000002bea290 method=java.util.HashMap.getNode(ILjava/lang/Object;)Ljava/util/HashMap$Node; @ 126
Event: 9.077 Thread 0x000000005697a800 Uncommon trap: reason=class_check action=maybe_recompile pc=0x0000000002cc1370 method=java.util.HashMap.putVal(ILjava/lang/Object;Ljava/lang/Object;ZZ)Ljava/lang/Object; @ 203
Event: 9.077 Thread 0x000000005697a800 Uncommon trap: reason=bimorphic action=maybe_recompile pc=0x0000000002c0cbdc method=java.util.HashMap.getNode(ILjava/lang/Object;)Ljava/util/HashMap$Node; @ 126
Event: 9.077 Thread 0x000000005697a800 Uncommon trap: reason=class_check action=maybe_recompile pc=0x0000000002cc1370 method=java.util.HashMap.putVal(ILjava/lang/Object;Ljava/lang/Object;ZZ)Ljava/lang/Object; @ 203
Event: 9.089 Thread 0x000000005697a800 Uncommon trap: reason=bimorphic action=maybe_recompile pc=0x0000000002f3fe68 method=java.util.HashMap.putVal(ILjava/lang/Object;Ljava/lang/Object;ZZ)Ljava/lang/Object; @ 203
Event: 9.089 Thread 0x000000005697a800 Uncommon trap: reason=bimorphic action=maybe_recompile pc=0x0000000002f3fe68 method=java.util.HashMap.putVal(ILjava/lang/Object;Ljava/lang/Object;ZZ)Ljava/lang/Object; @ 203
Event: 9.100 Thread 0x000000005697a800 Uncommon trap: reason=bimorphic action=maybe_recompile pc=0x0000000002f44424 method=java.util.HashMap.putVal(ILjava/lang/Object;Ljava/lang/Object;ZZ)Ljava/lang/Object; @ 203
Event: 9.461 Thread 0x000000005697a800 Uncommon trap: reason=unstable_if action=reinterpret pc=0x0000000002e83aa0 method=java.util.TreeMap.put(Ljava/lang/Object;Ljava/lang/Object;)Ljava/lang/Object; @ 163
Event: 9.467 Thread 0x000000005697a800 Uncommon trap: reason=unstable_if action=reinterpret pc=0x0000000002f8a4bc method=com.android.dx.dex.code.OutputFinisher.findOpcodeForInsn(Lcom/android/dx/dex/code/DalvInsn;Lcom/android/dx/dex/code/Dop;)Lcom/android/dx/dex/code/Dop; @ 1

Internal exceptions (3 events):
Event: 0.239 Thread 0x00000000023ff000 Exception <a 'java/lang/NoSuchMethodError': Method sun.misc.Unsafe.defineClass(Ljava/lang/String;[BII)Ljava/lang/Class; name or signature does not match> (0x00000000eab07cc0) thrown at [D:\re\workspace\8-2-build-windows-amd64-cygwin\jdk8u92\6642\hotspot\sr`rU]2êŒ?
Event: 0.239 Thread 0x00000000023ff000 Exception <a 'java/lang/NoSuchMethodError': Method sun.misc.Unsafe.prefetchRead(Ljava/lang/Object;J)V name or signature does not match> (0x00000000eab07fa8) thrown at [D:\re\workspace\8-2-build-windows-amd64-cygwin\jdk8u92\6642\hotspot\src\share\vm\prims\j—4=IÕ@
Event: 5.200 Thread 0x000000005691f000 Implicit null exception at 0x0000000002b7f6da to 0x0000000002b801d9

Events (10 events):
Event: 9.467 Thread 0x000000005697a800 DEOPT PACKING pc=0x0000000002f8a4bc sp=0x00000000574ce8f0
Event: 9.467 Thread 0x000000005697a800 DEOPT UNPACKING pc=0x000000000282582a sp=0x00000000574ce890 mode 2
Event: 9.467 loading class com/android/dx/rop/code/RegisterSpecList$Expander
Event: 9.467 loading class com/android/dx/rop/code/RegisterSpecList$Expander done
Event: 9.573 loading class com/android/dx/dex/file/DebugInfoEncoder
Event: 9.573 loading class com/android/dx/dex/file/DebugInfoEncoder done
Event: 9.576 loading class com/android/dx/dex/file/DebugInfoEncoder$1
Event: 9.576 loading class com/android/dx/dex/file/DebugInfoEncoder$1 done
Event: 9.577 loading class com/android/dx/dex/file/DebugInfoEncoder$2
Event: 9.577 loading class com/android/dx/dex/file/DebugInfoEncoder$2 done


Dynamic libraries:
0x000000013ff50000 - 0x000000013ff87000 	D:\Program Files\Java\jdk1.8.0_92\bin\java.exe
0x0000000076dc0000 - 0x0000000076f6a000 	C:\Windows\SYSTEM32\ntdll.dll
0x0000000076ca0000 - 0x0000000076dbf000 	C:\Windows\system32\kernel32.dll
0x000007fefcb40000 - 0x000007fefcbab000 	C:\Windows\system32\KERNELBASE.dll
0x000007fefe490000 - 0x000007fefe56b000 	C:\Windows\system32\ADVAPI32.dll
0x000007fefec70000 - 0x000007fefed0f000 	C:\Windows\system32\msvcrt.dll
0x000007fefec40000 - 0x000007fefec5f000 	C:\Windows\SYSTEM32\sechost.dll
0x000007fefef40000 - 0x000007feff06d000 	C:\Windows\system32\RPCRT4.dll
0x0000000076a60000 - 0x0000000076b5a000 	C:\Windows\system32\USER32.dll
0x000007fefe570000 - 0x000007fefe5d7000 	C:\Windows\system32\GDI32.dll
0x000007fefd2a0000 - 0x000007fefd2ae000 	C:\Windows\system32\LPK.dll
0x000007fefed10000 - 0x000007fefedda000 	C:\Windows\system32\USP10.dll
0x000007fefbd40000 - 0x000007fefbf34000 	C:\Windows\WinSxS\amd64_microsoft.windows.common-controls_6595b64144ccf1df_6.0.7601.18837_none_fa3b1e3d17594757\COMCTL32.dll
0x000007fefd140000 - 0x000007fefd1b1000 	C:\Windows\system32\SHLWAPI.dll
0x000007fefd330000 - 0x000007fefd35e000 	C:\Windows\system32\IMM32.DLL
0x000007fefee30000 - 0x000007fefef39000 	C:\Windows\system32\MSCTF.dll
0x0000000062680000 - 0x0000000062752000 	D:\Program Files\Java\jdk1.8.0_92\jre\bin\msvcr100.dll
0x0000000063490000 - 0x0000000063d26000 	D:\Program Files\Java\jdk1.8.0_92\jre\bin\server\jvm.dll
0x000007fefa200000 - 0x000007fefa209000 	C:\Windows\system32\WSOCK32.dll
0x000007fefede0000 - 0x000007fefee2d000 	C:\Windows\system32\WS2_32.dll
0x000007fefec60000 - 0x000007fefec68000 	C:\Windows\system32\NSI.dll
0x000007fefcf00000 - 0x000007fefcf3b000 	C:\Windows\system32\WINMM.dll
0x000007fefba50000 - 0x000007fefba5c000 	C:\Windows\system32\VERSION.dll
0x0000000076f80000 - 0x0000000076f87000 	C:\Windows\system32\PSAPI.DLL
0x0000000074430000 - 0x000000007443f000 	D:\Program Files\Java\jdk1.8.0_92\jre\bin\verify.dll
0x0000000074400000 - 0x0000000074429000 	D:\Program Files\Java\jdk1.8.0_92\jre\bin\java.dll
0x00000000743e0000 - 0x00000000743f6000 	D:\Program Files\Java\jdk1.8.0_92\jre\bin\zip.dll
0x000007fefd660000 - 0x000007fefe3e9000 	C:\Windows\system32\SHELL32.dll
0x000007fefea30000 - 0x000007fefec33000 	C:\Windows\system32\ole32.dll
0x000007fefca90000 - 0x000007fefca9f000 	C:\Windows\system32\profapi.dll

VM Arguments:
jvm_args: -Djava.awt.headless=true -Xmx1024M -Dfile.encoding=GBK -Duser.country=CN -Duser.language=zh -Duser.variant 
java_command: com.android.dx.command.Main --dex --force-jumbo --num-threads=4 --multi-dex --output C:\Users\ThinkPad\Desktop\Foodamental-master\app\build\intermediates\transforms\dex\debug\folders\1000\10\com.android.support-mediarouter-v7-22.2.0_6e48e5d901201e8345e4bae672852c2a07483fa6 C:\Users\ThinkPad\Desktop\Foodamental-master\app\build\intermediates\exploded-aar\com.android.support\mediarouter-v7\22.2.0\jars\classes.jar
java_class_path (initial): D:\sdk\build-tools\23.0.2\lib\dx.jar
Launcher Type: SUN_STANDARD

Environment Variables:
PATH=C:\ProgramData\Oracle\Java\javapath;C:\PROGRAM FILES (X86)\INTEL\ICLS CLIENT\;C:\PROGRAM FILES\INTEL\ICLS CLIENT\;C:\Windows\SYSTEM32;C:\Windows;C:\Windows\SYSTEM32\WBEM;C:\Windows\SYSTEM32\WINDOWSPOWERSHELL\V1.0\;C:\PROGRAM FILES\INTEL\INTEL(R) MANAGEMENT ENGINE COMPONENTS\DAL;C:\PROGRAM FILES\INTEL\INTEL(R) MANAGEMENT ENGINE COMPONENTS\IPT;C:\PROGRAM FILES (X86)\INTEL\INTEL(R) MANAGEMENT ENGINE COMPONENTS\DAL;C:\PROGRAM FILES (X86)\INTEL\INTEL(R) MANAGEMENT ENGINE COMPONENTS\IPT;C:\PROGRAM FILES (X86)\LENOVO\ACCESS CONNECTIONS\;C:\Program Files\ThinkPad\Bluetooth Software\;C:\Program Files\ThinkPad\Bluetooth Software\syswow64;C:\Program Files (x86)\Intel\OpenCL SDK\3.0\bin\x86;C:\Program Files (x86)\Intel\OpenCL SDK\3.0\bin\x64;C:\Program Files\OpenVPN\bin;C:\Program Files\Microsoft\Web Platform Installer\;C:\Program Files (x86)\Windows Kits\8.1\Windows Performance Toolkit\;C:\Program Files\Microsoft SQL Server\110\Tools\Binn\;C:\Program Files (x86)\Microsoft SDKs\TypeScript\1.0\;C:\Program Files\Microsoft SQL Server\120\Tools\Binn\;C:\Program Files (x86)\Skype\Phone\;%OPENCV_DIR%\bin;C:\Windows\system32\config\systemprofile\.dnx\bin;C:\Program Files\Microsoft DNX\Dnvm\;C:\Program Files\Microsoft SQL Server\130\Tools\Binn\;C:\Program Files\Git\cmd
USERNAME=ThinkPad
OS=Windows_NT
PROCESSOR_IDENTIFIER=Intel64 Family 6 Model 58 Stepping 9, GenuineIntel



---------------  S Y S T E M  ---------------

OS: Windows 7 , 64 bit Build 7601 (6.1.7601.19160)

CPU:total 4 (2 cores per cpu, 2 threads per core) family 6 model 58 stepping 9, cmov, cx8, fxsr, mmx, sse, sse2, sse3, ssse3, sse4.1, sse4.2, popcnt, avx, aes, clmul, erms, ht, tsc, tscinvbit, tscinv

Memory: 4k page, physical 8077104k(1276052k free), swap 8075268k(5040k free)

vm_info: Java HotSpot(TM) 64-Bit Server VM (25.92-b14) for windows-amd64 JRE (1.8.0_92-b14), built on Mar 31 2016 21:03:04 by "java_re" with MS VC++ 10.0 (VS2010)

time: Wed Jun 15 11:36:00 2016
elapsed time: 9 seconds (0d 0h 0m 9s)

