#
# There is insufficient memory for the Java Runtime Environment to continue.
# Native memory allocation (malloc) failed to allocate 579936 bytes for Chunk::new
# Possible reasons:
#   The system is out of physical RAM or swap space
#   In 32 bit mode, the process size limit was hit
# Possible solutions:
#   Reduce memory load on the system
#   Increase physical memory or swap space
#   Check if swap backing store is full
#   Use 64 bit Java on a 64 bit OS
#   Decrease Java heap size (-Xmx/-Xms)
#   Decrease number of Java threads
#   Decrease Java thread stack sizes (-Xss)
#   Set larger code cache with -XX:ReservedCodeCacheSize=
# This output file may be truncated or incomplete.
#
#  Out of Memory Error (allocation.cpp:390), pid=11192, tid=0x0000000000002b5c
#
# JRE version: Java(TM) SE Runtime Environment (8.0_92-b14) (build 1.8.0_92-b14)
# Java VM: Java HotSpot(TM) 64-Bit Server VM (25.92-b14 mixed mode windows-amd64 compressed oops)
# Failed to write core dump. Minidumps are not enabled by default on client versions of Windows
#

---------------  T H R E A D  ---------------

Current thread (0x0000000056514000):  JavaThread "C2 CompilerThread1" daemon [_thread_in_native, id=11100, stack(0x00000000569a0000,0x0000000056aa0000)]

Stack: [0x00000000569a0000,0x0000000056aa0000]
[error occurred during error reporting (printing stack bounds), id 0xc0000005]

Native frames: (J=compiled Java code, j=interpreted, Vv=VM code, C=native code)


Current CompileTask:
C2:   3054 1356       4       com.android.dx.ssa.SCCP::simulatePhi (169 bytes)


---------------  P R O C E S S  ---------------

Java Threads: ( => current thread )
  0x0000000056801800 JavaThread "pool-2-thread-4" [_thread_blocked, id=10536, stack(0x0000000057930000,0x0000000057a30000)]
  0x00000000567fe000 JavaThread "pool-2-thread-3" [_thread_in_vm, id=8012, stack(0x0000000057200000,0x0000000057300000)]
  0x00000000567db000 JavaThread "pool-2-thread-2" [_thread_blocked, id=10744, stack(0x0000000057680000,0x0000000057780000)]
  0x00000000567d9800 JavaThread "pool-3-thread-1" [_thread_blocked, id=1984, stack(0x00000000574f0000,0x00000000575f0000)]
  0x00000000567d6800 JavaThread "pool-2-thread-1" [_thread_blocked, id=10560, stack(0x0000000056df0000,0x0000000056ef0000)]
  0x0000000056524000 JavaThread "Service Thread" daemon [_thread_blocked, id=11224, stack(0x00000000570c0000,0x00000000571c0000)]
  0x0000000056515000 JavaThread "C1 CompilerThread2" daemon [_thread_blocked, id=8896, stack(0x0000000056f50000,0x0000000057050000)]
=>0x0000000056514000 JavaThread "C2 CompilerThread1" daemon [_thread_in_native, id=11100, stack(0x00000000569a0000,0x0000000056aa0000)]
  0x00000000550de000 JavaThread "C2 CompilerThread0" daemon [_thread_in_native, id=10396, stack(0x0000000056cd0000,0x0000000056dd0000)]
  0x00000000550db000 JavaThread "Attach Listener" daemon [_thread_blocked, id=10160, stack(0x00000000122e0000,0x00000000123e0000)]
  0x0000000056508800 JavaThread "Signal Dispatcher" daemon [_thread_blocked, id=11136, stack(0x0000000056ae0000,0x0000000056be0000)]
  0x00000000550ba000 JavaThread "Finalizer" daemon [_thread_blocked, id=10724, stack(0x0000000056400000,0x0000000056500000)]
  0x0000000055073000 JavaThread "Reference Handler" daemon [_thread_blocked, id=3308, stack(0x00000000562d0000,0x00000000563d0000)]
  0x000000000258f000 JavaThread "main" [_thread_blocked, id=11064, stack(0x0000000002870000,0x0000000002970000)]

Other Threads:
  0x000000005506b800 VMThread [stack: 0x0000000056130000,0x0000000056230000] [id=10276]
  0x00000000565dd000 WatcherThread [stack: 0x0000000057300000,0x0000000057400000] [id=8456]

VM state:not at safepoint (normal execution)

VM Mutex/Monitor currently owned by a thread: None

Heap:
 PSYoungGen      total 36864K, used 11066K [0x00000000eab00000, 0x00000000ef300000, 0x0000000100000000)
  eden space 31744K, 18% used [0x00000000eab00000,0x00000000eb0cf6c0,0x00000000eca00000)
  from space 5120K, 99% used [0x00000000eca00000,0x00000000eceff428,0x00000000ecf00000)
  to   space 5120K, 0% used [0x00000000eee00000,0x00000000eee00000,0x00000000ef300000)
 ParOldGen       total 84992K, used 696K [0x00000000c0000000, 0x00000000c5300000, 0x00000000eab00000)
  object space 84992K, 0% used [0x00000000c0000000,0x00000000c00ae3c0,0x00000000c5300000)
 Metaspace       used 6095K, capacity 6964K, committed 7040K, reserved 1056768K
  class space    used 599K, capacity 620K, committed 640K, reserved 1048576K

Card table byte_map: [0x0000000011d30000,0x0000000011f40000] byte_map_base: 0x0000000011730000

Marking Bits: (ParMarkBitMap*) 0x0000000063ca64f0
 Begin Bits: [0x00000000124e0000, 0x00000000134e0000)
 End Bits:   [0x00000000134e0000, 0x00000000144e0000)

Polling page: 0x0000000000130000

CodeCache: size=245760Kb used=5535Kb max_used=5544Kb free=240224Kb
 bounds [0x0000000002970000, 0x0000000002ee0000, 0x0000000011970000]
 total_blobs=1648 nmethods=1377 adapters=184
 compilation: enabled

Compilation events (10 events):
Event: 3.016 Thread 0x00000000550de000 1378       4       com.android.dx.rop.code.ThrowingCstInsn::accept (8 bytes)
Event: 3.016 Thread 0x0000000056515000 nmethod 1374 0x0000000002eda510 code [0x0000000002eda800, 0x0000000002edbbf8]
Event: 3.016 Thread 0x0000000056515000 1377       1       com.android.dx.rop.code.Insn$BaseVisitor::visitThrowingCstInsn (1 bytes)
Event: 3.016 Thread 0x0000000056515000 nmethod 1377 0x0000000002ed7450 code [0x0000000002ed75a0, 0x0000000002ed76b0]
Event: 3.016 Thread 0x0000000056515000 1375       3       com.android.dx.rop.cst.CstInteger::getType (4 bytes)
Event: 3.016 Thread 0x0000000056515000 nmethod 1375 0x0000000002ed7110 code [0x0000000002ed7260, 0x0000000002ed73b0]
Event: 3.016 Thread 0x0000000056515000 1376       3       com.android.dx.rop.code.LocalVariableInfo::addAssignment (43 bytes)
Event: 3.016 Thread 0x00000000550de000 nmethod 1378 0x0000000002dea790 code [0x0000000002dea8c0, 0x0000000002dea938]
Event: 3.017 Thread 0x0000000056515000 nmethod 1376 0x0000000002edea90 code [0x0000000002edec60, 0x0000000002edf258]
Event: 3.017 Thread 0x00000000550de000 1379       4       com.android.dx.ssa.SCCP::simulateBranch (666 bytes)

GC Heap History (2 events):
Event: 2.622 GC heap before
{Heap before GC invocations=1 (full 0):
 PSYoungGen      total 36864K, used 31744K [0x00000000eab00000, 0x00000000ed400000, 0x0000000100000000)
  eden space 31744K, 100% used [0x00000000eab00000,0x00000000eca00000,0x00000000eca00000)
  from space 5120K, 0% used [0x00000000ecf00000,0x00000000ecf00000,0x00000000ed400000)
  to   space 5120K, 0% used [0x00000000eca00000,0x00000000eca00000,0x00000000ecf00000)
 ParOldGen       total 84992K, used 0K [0x00000000c0000000, 0x00000000c5300000, 0x00000000eab00000)
  object space 84992K, 0% used [0x00000000c0000000,0x00000000c0000000,0x00000000c5300000)
 Metaspace       used 6058K, capacity 6900K, committed 7040K, reserved 1056768K
  class space    used 599K, capacity 620K, committed 640K, reserved 1048576K
Event: 2.708 GC heap after
Heap after GC invocations=1 (full 0):
 PSYoungGen      total 36864K, used 5117K [0x00000000eab00000, 0x00000000ef300000, 0x0000000100000000)
  eden space 31744K, 0% used [0x00000000eab00000,0x00000000eab00000,0x00000000eca00000)
  from space 5120K, 99% used [0x00000000eca00000,0x00000000eceff428,0x00000000ecf00000)
  to   space 5120K, 0% used [0x00000000eee00000,0x00000000eee00000,0x00000000ef300000)
 ParOldGen       total 84992K, used 696K [0x00000000c0000000, 0x00000000c5300000, 0x00000000eab00000)
  object space 84992K, 0% used [0x00000000c0000000,0x00000000c00ae3c0,0x00000000c5300000)
 Metaspace       used 6058K, capacity 6900K, committed 7040K, reserved 1056768K
  class space    used 599K, capacity 620K, committed 640K, reserved 1048576K
}

Deoptimization events (10 events):
Event: 1.415 Thread 0x000000000258f000 Uncommon trap: reason=unstable_if action=reinterpret pc=0x0000000002ba42e0 method=java.util.BitSet.nextSetBit(I)I @ 87
Event: 1.480 Thread 0x000000000258f000 Uncommon trap: reason=unstable_if action=reinterpret pc=0x0000000002d42ee0 method=com.android.dx.ssa.SsaMethod.onSourcesChanged(Lcom/android/dx/ssa/SsaInsn;Lcom/android/dx/rop/code/RegisterSpecList;)V @ 4
Event: 2.125 Thread 0x00000000567fe000 Uncommon trap: reason=unloaded action=reinterpret pc=0x0000000002c624fc method=com.android.dx.ssa.SsaRenamer$BlockRenamer.visitMoveInsn(Lcom/android/dx/ssa/NormalSsaInsn;)V @ 208
Event: 2.126 Thread 0x00000000567fe000 Uncommon trap: reason=unstable_if action=reinterpret pc=0x0000000002d63f80 method=com.android.dx.ssa.NormalSsaInsn.getLocalAssignment()Lcom/android/dx/rop/code/RegisterSpec; @ 12
Event: 2.126 Thread 0x00000000567fe000 Uncommon trap: reason=unstable_if action=reinterpret pc=0x0000000002d5aabc method=com.android.dx.ssa.NormalSsaInsn.getLocalAssignment()Lcom/android/dx/rop/code/RegisterSpec; @ 12
Event: 2.126 Thread 0x00000000567fe000 Uncommon trap: reason=unstable_if action=reinterpret pc=0x0000000002cf8dd8 method=com.android.dx.ssa.NormalSsaInsn.getLocalAssignment()Lcom/android/dx/rop/code/RegisterSpec; @ 12
Event: 2.126 Thread 0x00000000567fe000 Uncommon trap: reason=unstable_if action=reinterpret pc=0x0000000002cec9a0 method=com.android.dx.ssa.NormalSsaInsn.getLocalAssignment()Lcom/android/dx/rop/code/RegisterSpec; @ 12
Event: 2.516 Thread 0x0000000056801800 Uncommon trap: reason=unstable_if action=reinterpret pc=0x0000000002bd6c64 method=java.util.BitSet.ensureCapacity(I)V @ 6
Event: 2.618 Thread 0x0000000056801800 Uncommon trap: reason=unstable_if action=reinterpret pc=0x0000000002d963d8 method=com.android.dx.rop.code.RegisterSpecSet.put(Lcom/android/dx/rop/code/RegisterSpec;)V @ 77
Event: 2.939 Thread 0x00000000567fe000 Uncommon trap: reason=null_check action=make_not_entrant pc=0x0000000002e35880 method=com.android.dx.ssa.SsaRenamer.getLocalForNewReg(I)Lcom/android/dx/rop/code/LocalItem; @ 19

Internal exceptions (3 events):
Event: 0.058 Thread 0x000000000258f000 Exception <a 'java/lang/NoSuchMethodError': Method sun.misc.Unsafe.defineClass(Ljava/lang/String;[BII)Ljava/lang/Class; name or signature does not match> (0x00000000eab07cc0) thrown at [D:\re\workspace\8-2-build-windows-amd64-cygwin\jdk8u92\6642\hotspot\srjƒ‰èñ­?
Event: 0.058 Thread 0x000000000258f000 Exception <a 'java/lang/NoSuchMethodError': Method sun.misc.Unsafe.prefetchRead(Ljava/lang/Object;J)V name or signature does not match> (0x00000000eab07fa8) thrown at [D:\re\workspace\8-2-build-windows-amd64-cygwin\jdk8u92\6642\hotspot\src\share\vm\prims\j~ñ	‡‚@
Event: 2.939 Thread 0x00000000567fe000 Implicit null exception at 0x0000000002e34c39 to 0x0000000002e35835

Events (10 events):
Event: 2.516 Thread 0x0000000056801800 DEOPT PACKING pc=0x0000000002bd6c64 sp=0x0000000057a2ec30
Event: 2.516 Thread 0x0000000056801800 DEOPT UNPACKING pc=0x00000000029b582a sp=0x0000000057a2eb08 mode 2
Event: 2.618 Thread 0x0000000056801800 Uncommon trap: trap_request=0xffffff65 fr.pc=0x0000000002d963d8
Event: 2.618 Thread 0x0000000056801800 DEOPT PACKING pc=0x0000000002d963d8 sp=0x0000000057a2ec00
Event: 2.618 Thread 0x0000000056801800 DEOPT UNPACKING pc=0x00000000029b582a sp=0x0000000057a2eb20 mode 2
Event: 2.622 Executing VM operation: ParallelGCFailedAllocation
Event: 2.708 Executing VM operation: ParallelGCFailedAllocation done
Event: 2.939 Thread 0x00000000567fe000 Uncommon trap: trap_request=0xfffffff4 fr.pc=0x0000000002e35880
Event: 2.939 Thread 0x00000000567fe000 DEOPT PACKING pc=0x0000000002e35880 sp=0x00000000572fe660
Event: 2.939 Thread 0x00000000567fe000 DEOPT UNPACKING pc=0x00000000029b582a sp=0x00000000572fe458 mode 2


Dynamic libraries:
0x000000013ff50000 - 0x000000013ff87000 	D:\Program Files\Java\jdk1.8.0_92\bin\java.exe
0x0000000076dc0000 - 0x0000000076f6a000 	C:\Windows\SYSTEM32\ntdll.dll
0x0000000076ca0000 - 0x0000000076dbf000 	C:\Windows\system32\kernel32.dll
0x000007fefcb40000 - 0x000007fefcbab000 	C:\Windows\system32\KERNELBASE.dll
0x000007fefe490000 - 0x000007fefe56b000 	C:\Windows\system32\ADVAPI32.dll
0x000007fefec70000 - 0x000007fefed0f000 	C:\Windows\system32\msvcrt.dll
0x000007fefec40000 - 0x000007fefec5f000 	C:\Windows\SYSTEM32\sechost.dll
0x000007fefef40000 - 0x000007feff06d000 	C:\Windows\system32\RPCRT4.dll
0x0000000076a60000 - 0x0000000076b5a000 	C:\Windows\system32\USER32.dll
0x000007fefe570000 - 0x000007fefe5d7000 	C:\Windows\system32\GDI32.dll
0x000007fefd2a0000 - 0x000007fefd2ae000 	C:\Windows\system32\LPK.dll
0x000007fefed10000 - 0x000007fefedda000 	C:\Windows\system32\USP10.dll
0x000007fefbd40000 - 0x000007fefbf34000 	C:\Windows\WinSxS\amd64_microsoft.windows.common-controls_6595b64144ccf1df_6.0.7601.18837_none_fa3b1e3d17594757\COMCTL32.dll
0x000007fefd140000 - 0x000007fefd1b1000 	C:\Windows\system32\SHLWAPI.dll
0x000007fefd330000 - 0x000007fefd35e000 	C:\Windows\system32\IMM32.DLL
0x000007fefee30000 - 0x000007fefef39000 	C:\Windows\system32\MSCTF.dll
0x0000000062680000 - 0x0000000062752000 	D:\Program Files\Java\jdk1.8.0_92\jre\bin\msvcr100.dll
0x0000000063490000 - 0x0000000063d26000 	D:\Program Files\Java\jdk1.8.0_92\jre\bin\server\jvm.dll
0x000007fefa200000 - 0x000007fefa209000 	C:\Windows\system32\WSOCK32.dll
0x000007fefede0000 - 0x000007fefee2d000 	C:\Windows\system32\WS2_32.dll
0x000007fefec60000 - 0x000007fefec68000 	C:\Windows\system32\NSI.dll
0x000007fefcf00000 - 0x000007fefcf3b000 	C:\Windows\system32\WINMM.dll
0x000007fefba50000 - 0x000007fefba5c000 	C:\Windows\system32\VERSION.dll
0x0000000076f80000 - 0x0000000076f87000 	C:\Windows\system32\PSAPI.DLL
0x0000000074430000 - 0x000000007443f000 	D:\Program Files\Java\jdk1.8.0_92\jre\bin\verify.dll
0x0000000074400000 - 0x0000000074429000 	D:\Program Files\Java\jdk1.8.0_92\jre\bin\java.dll
0x00000000743e0000 - 0x00000000743f6000 	D:\Program Files\Java\jdk1.8.0_92\jre\bin\zip.dll
0x000007fefd660000 - 0x000007fefe3e9000 	C:\Windows\system32\SHELL32.dll
0x000007fefea30000 - 0x000007fefec33000 	C:\Windows\system32\ole32.dll
0x000007fefca90000 - 0x000007fefca9f000 	C:\Windows\system32\profapi.dll

VM Arguments:
jvm_args: -Djava.awt.headless=true -Xmx1024M -Dfile.encoding=GBK -Duser.country=CN -Duser.language=zh -Duser.variant 
java_command: com.android.dx.command.Main --dex --force-jumbo --num-threads=4 --multi-dex --output C:\Users\ThinkPad\Desktop\Foodamental-master\app\build\intermediates\transforms\dex\debug\folders\1000\10\com.google.android.gms-play-services-maps-8.1.0_002f61e8b905bb912d3379a15b39b4e657a4329b C:\Users\ThinkPad\Desktop\Foodamental-master\app\build\intermediates\exploded-aar\com.google.android.gms\play-services-maps\8.1.0\jars\classes.jar
java_class_path (initial): D:\sdk\build-tools\23.0.2\lib\dx.jar
Launcher Type: SUN_STANDARD

Environment Variables:
PATH=C:\ProgramData\Oracle\Java\javapath;C:\PROGRAM FILES (X86)\INTEL\ICLS CLIENT\;C:\PROGRAM FILES\INTEL\ICLS CLIENT\;C:\Windows\SYSTEM32;C:\Windows;C:\Windows\SYSTEM32\WBEM;C:\Windows\SYSTEM32\WINDOWSPOWERSHELL\V1.0\;C:\PROGRAM FILES\INTEL\INTEL(R) MANAGEMENT ENGINE COMPONENTS\DAL;C:\PROGRAM FILES\INTEL\INTEL(R) MANAGEMENT ENGINE COMPONENTS\IPT;C:\PROGRAM FILES (X86)\INTEL\INTEL(R) MANAGEMENT ENGINE COMPONENTS\DAL;C:\PROGRAM FILES (X86)\INTEL\INTEL(R) MANAGEMENT ENGINE COMPONENTS\IPT;C:\PROGRAM FILES (X86)\LENOVO\ACCESS CONNECTIONS\;C:\Program Files\ThinkPad\Bluetooth Software\;C:\Program Files\ThinkPad\Bluetooth Software\syswow64;C:\Program Files (x86)\Intel\OpenCL SDK\3.0\bin\x86;C:\Program Files (x86)\Intel\OpenCL SDK\3.0\bin\x64;C:\Program Files\OpenVPN\bin;C:\Program Files\Microsoft\Web Platform Installer\;C:\Program Files (x86)\Windows Kits\8.1\Windows Performance Toolkit\;C:\Program Files\Microsoft SQL Server\110\Tools\Binn\;C:\Program Files (x86)\Microsoft SDKs\TypeScript\1.0\;C:\Program Files\Microsoft SQL Server\120\Tools\Binn\;C:\Program Files (x86)\Skype\Phone\;%OPENCV_DIR%\bin;C:\Windows\system32\config\systemprofile\.dnx\bin;C:\Program Files\Microsoft DNX\Dnvm\;C:\Program Files\Microsoft SQL Server\130\Tools\Binn\;C:\Program Files\Git\cmd
USERNAME=ThinkPad
OS=Windows_NT
PROCESSOR_IDENTIFIER=Intel64 Family 6 Model 58 Stepping 9, GenuineIntel



---------------  S Y S T E M  ---------------

OS: Windows 7 , 64 bit Build 7601 (6.1.7601.19160)

CPU:total 4 (2 cores per cpu, 2 threads per core) family 6 model 58 stepping 9, cmov, cx8, fxsr, mmx, sse, sse2, sse3, ssse3, sse4.1, sse4.2, popcnt, avx, aes, clmul, erms, ht, tsc, tscinvbit, tscinv

Memory: 4k page, physical 8077104k(1133760k free), swap 8075268k(5648k free)

vm_info: Java HotSpot(TM) 64-Bit Server VM (25.92-b14) for windows-amd64 JRE (1.8.0_92-b14), built on Mar 31 2016 21:03:04 by "java_re" with MS VC++ 10.0 (VS2010)

time: Wed Jun 15 11:35:30 2016
elapsed time: 3 seconds (0d 0h 0m 3s)

