#
# There is insufficient memory for the Java Runtime Environment to continue.
# Native memory allocation (malloc) failed to allocate 1315056 bytes for Chunk::new
# Possible reasons:
#   The system is out of physical RAM or swap space
#   In 32 bit mode, the process size limit was hit
# Possible solutions:
#   Reduce memory load on the system
#   Increase physical memory or swap space
#   Check if swap backing store is full
#   Use 64 bit Java on a 64 bit OS
#   Decrease Java heap size (-Xmx/-Xms)
#   Decrease number of Java threads
#   Decrease Java thread stack sizes (-Xss)
#   Set larger code cache with -XX:ReservedCodeCacheSize=
# This output file may be truncated or incomplete.
#
#  Out of Memory Error (allocation.cpp:390), pid=9968, tid=0x0000000000000438
#
# JRE version: Java(TM) SE Runtime Environment (8.0_92-b14) (build 1.8.0_92-b14)
# Java VM: Java HotSpot(TM) 64-Bit Server VM (25.92-b14 mixed mode windows-amd64 compressed oops)
# Failed to write core dump. Minidumps are not enabled by default on client versions of Windows
#

---------------  T H R E A D  ---------------

Current thread (0x0000000056238800):  JavaThread "C2 CompilerThread1" daemon [_thread_in_native, id=1080, stack(0x0000000056ce0000,0x0000000056de0000)]

Stack: [0x0000000056ce0000,0x0000000056de0000]
[error occurred during error reporting (printing stack bounds), id 0xc0000005]

Native frames: (J=compiled Java code, j=interpreted, Vv=VM code, C=native code)


Current CompileTask:
C2:  39622 2227   !   4       com.android.dx.cf.code.BytecodeArray::parseInstruction (2764 bytes)


---------------  P R O C E S S  ---------------

Java Threads: ( => current thread )
  0x00000000565a5000 JavaThread "pool-2-thread-4" [_thread_blocked, id=10076, stack(0x0000000057eb0000,0x0000000057fb0000)]
  0x00000000565a1000 JavaThread "pool-2-thread-3" [_thread_blocked, id=1696, stack(0x0000000056e50000,0x0000000056f50000)]
  0x000000005655f800 JavaThread "pool-2-thread-2" [_thread_blocked, id=9564, stack(0x0000000057d40000,0x0000000057e40000)]
  0x000000005655f000 JavaThread "pool-3-thread-1" [_thread_blocked, id=10084, stack(0x0000000057bf0000,0x0000000057cf0000)]
  0x000000005655e000 JavaThread "pool-2-thread-1" [_thread_blocked, id=9736, stack(0x0000000057ab0000,0x0000000057bb0000)]
  0x00000000562d0800 JavaThread "Service Thread" daemon [_thread_blocked, id=9556, stack(0x0000000056fd0000,0x00000000570d0000)]
  0x0000000056241000 JavaThread "C1 CompilerThread2" daemon [_thread_blocked, id=8576, stack(0x00000000568b0000,0x00000000569b0000)]
=>0x0000000056238800 JavaThread "C2 CompilerThread1" daemon [_thread_in_native, id=1080, stack(0x0000000056ce0000,0x0000000056de0000)]
  0x000000005514e000 JavaThread "C2 CompilerThread0" daemon [_thread_blocked, id=8560, stack(0x0000000056b90000,0x0000000056c90000)]
  0x000000005514b000 JavaThread "Attach Listener" daemon [_thread_blocked, id=5316, stack(0x00000000569b0000,0x0000000056ab0000)]
  0x0000000056228800 JavaThread "Signal Dispatcher" daemon [_thread_blocked, id=9004, stack(0x00000000566f0000,0x00000000567f0000)]
  0x000000005512a000 JavaThread "Finalizer" daemon [_thread_blocked, id=9260, stack(0x0000000056120000,0x0000000056220000)]
  0x00000000550e3000 JavaThread "Reference Handler" daemon [_thread_blocked, id=9900, stack(0x00000000121d0000,0x00000000122d0000)]
  0x00000000024ef000 JavaThread "main" [_thread_blocked, id=9788, stack(0x0000000002660000,0x0000000002760000)]

Other Threads:
  0x00000000550db800 VMThread [stack: 0x0000000055f70000,0x0000000056070000] [id=9748]
  0x00000000562d6800 WatcherThread [stack: 0x00000000570e0000,0x00000000571e0000] [id=9992]

VM state:not at safepoint (normal execution)

VM Mutex/Monitor currently owned by a thread: None

Heap:
 PSYoungGen      total 132096K, used 86386K [0x00000000eab00000, 0x00000000f3100000, 0x0000000100000000)
  eden space 126976K, 64% used [0x00000000eab00000,0x00000000efa5c8c8,0x00000000f2700000)
  from space 5120K, 100% used [0x00000000f2c00000,0x00000000f3100000,0x00000000f3100000)
  to   space 5120K, 0% used [0x00000000f2700000,0x00000000f2700000,0x00000000f2c00000)
 ParOldGen       total 84992K, used 23092K [0x00000000c0000000, 0x00000000c5300000, 0x00000000eab00000)
  object space 84992K, 27% used [0x00000000c0000000,0x00000000c168d000,0x00000000c5300000)
 Metaspace       used 6442K, capacity 7158K, committed 7296K, reserved 1056768K
  class space    used 603K, capacity 622K, committed 640K, reserved 1048576K

Card table byte_map: [0x0000000011b20000,0x0000000011d30000] byte_map_base: 0x0000000011520000

Marking Bits: (ParMarkBitMap*) 0x000000005a3564f0
 Begin Bits: [0x0000000012550000, 0x0000000013550000)
 End Bits:   [0x0000000013550000, 0x0000000014550000)

Polling page: 0x0000000001be0000

CodeCache: size=245760Kb used=9183Kb max_used=10099Kb free=236576Kb
 bounds [0x0000000002760000, 0x0000000003150000, 0x0000000011760000]
 total_blobs=2126 nmethods=1854 adapters=184
 compilation: enabled

Compilation events (10 events):
Event: 39.022 Thread 0x000000005514e000 2228       4       com.android.dx.dex.file.AnnotationUtils::makeSignature (251 bytes)
Event: 39.066 Thread 0x0000000056241000 2229       3       com.android.dx.ssa.back.FirstFitLocalCombiningAllocator::access$100 (5 bytes)
Event: 39.067 Thread 0x0000000056241000 nmethod 2229 0x0000000002eb6490 code [0x0000000002eb6600, 0x0000000002eb67f0]
Event: 39.126 Thread 0x000000005514e000 nmethod 2228 0x0000000002a96690 code [0x0000000002a968e0, 0x0000000002a984d8]
Event: 39.143 Thread 0x000000005514e000 2230       4       com.android.dx.ssa.SCCP::replaceConstants (209 bytes)
Event: 39.242 Thread 0x000000005514e000 nmethod 2230 0x0000000002c7f690 code [0x0000000002c7f980, 0x0000000002c81270]
Event: 39.500 Thread 0x000000005514e000 2231       4       com.android.dx.rop.cst.CstBaseMethodRef::getPrototype (41 bytes)
Event: 39.501 Thread 0x000000005514e000 nmethod 2231 0x0000000002bdfa10 code [0x0000000002bdfb60, 0x0000000002bdfc48]
Event: 39.557 Thread 0x000000005514e000 2232   !   4       com.android.dx.cf.code.ExecutionStack::push (102 bytes)
Event: 39.562 Thread 0x000000005514e000 nmethod 2232 0x00000000028cd650 code [0x00000000028cd7c0, 0x00000000028cda18]

GC Heap History (8 events):
Event: 1.902 GC heap before
{Heap before GC invocations=1 (full 0):
 PSYoungGen      total 36864K, used 31744K [0x00000000eab00000, 0x00000000ed400000, 0x0000000100000000)
  eden space 31744K, 100% used [0x00000000eab00000,0x00000000eca00000,0x00000000eca00000)
  from space 5120K, 0% used [0x00000000ecf00000,0x00000000ecf00000,0x00000000ed400000)
  to   space 5120K, 0% used [0x00000000eca00000,0x00000000eca00000,0x00000000ecf00000)
 ParOldGen       total 84992K, used 0K [0x00000000c0000000, 0x00000000c5300000, 0x00000000eab00000)
  object space 84992K, 0% used [0x00000000c0000000,0x00000000c0000000,0x00000000c5300000)
 Metaspace       used 5763K, capacity 6710K, committed 6784K, reserved 1056768K
  class space    used 600K, capacity 622K, committed 640K, reserved 1048576K
Event: 2.152 GC heap after
Heap after GC invocations=1 (full 0):
 PSYoungGen      total 36864K, used 4621K [0x00000000eab00000, 0x00000000ef300000, 0x0000000100000000)
  eden space 31744K, 0% used [0x00000000eab00000,0x00000000eab00000,0x00000000eca00000)
  from space 5120K, 90% used [0x00000000eca00000,0x00000000ece83510,0x00000000ecf00000)
  to   space 5120K, 0% used [0x00000000eee00000,0x00000000eee00000,0x00000000ef300000)
 ParOldGen       total 84992K, used 8K [0x00000000c0000000, 0x00000000c5300000, 0x00000000eab00000)
  object space 84992K, 0% used [0x00000000c0000000,0x00000000c0002000,0x00000000c5300000)
 Metaspace       used 5763K, capacity 6710K, committed 6784K, reserved 1056768K
  class space    used 600K, capacity 622K, committed 640K, reserved 1048576K
}
Event: 7.129 GC heap before
{Heap before GC invocations=2 (full 0):
 PSYoungGen      total 36864K, used 36365K [0x00000000eab00000, 0x00000000ef300000, 0x0000000100000000)
  eden space 31744K, 100% used [0x00000000eab00000,0x00000000eca00000,0x00000000eca00000)
  from space 5120K, 90% used [0x00000000eca00000,0x00000000ece83510,0x00000000ecf00000)
  to   space 5120K, 0% used [0x00000000eee00000,0x00000000eee00000,0x00000000ef300000)
 ParOldGen       total 84992K, used 8K [0x00000000c0000000, 0x00000000c5300000, 0x00000000eab00000)
  object space 84992K, 0% used [0x00000000c0000000,0x00000000c0002000,0x00000000c5300000)
 Metaspace       used 6214K, capacity 7030K, committed 7296K, reserved 1056768K
  class space    used 602K, capacity 622K, committed 640K, reserved 1048576K
Event: 7.197 GC heap after
Heap after GC invocations=2 (full 0):
 PSYoungGen      total 68608K, used 5103K [0x00000000eab00000, 0x00000000ef300000, 0x0000000100000000)
  eden space 63488K, 0% used [0x00000000eab00000,0x00000000eab00000,0x00000000ee900000)
  from space 5120K, 99% used [0x00000000eee00000,0x00000000ef2fbc98,0x00000000ef300000)
  to   space 5120K, 0% used [0x00000000ee900000,0x00000000ee900000,0x00000000eee00000)
 ParOldGen       total 84992K, used 2512K [0x00000000c0000000, 0x00000000c5300000, 0x00000000eab00000)
  object space 84992K, 2% used [0x00000000c0000000,0x00000000c0274000,0x00000000c5300000)
 Metaspace       used 6214K, capacity 7030K, committed 7296K, reserved 1056768K
  class space    used 602K, capacity 622K, committed 640K, reserved 1048576K
}
Event: 12.921 GC heap before
{Heap before GC invocations=3 (full 0):
 PSYoungGen      total 68608K, used 68591K [0x00000000eab00000, 0x00000000ef300000, 0x0000000100000000)
  eden space 63488K, 100% used [0x00000000eab00000,0x00000000ee900000,0x00000000ee900000)
  from space 5120K, 99% used [0x00000000eee00000,0x00000000ef2fbc98,0x00000000ef300000)
  to   space 5120K, 0% used [0x00000000ee900000,0x00000000ee900000,0x00000000eee00000)
 ParOldGen       total 84992K, used 2512K [0x00000000c0000000, 0x00000000c5300000, 0x00000000eab00000)
  object space 84992K, 2% used [0x00000000c0000000,0x00000000c0274000,0x00000000c5300000)
 Metaspace       used 6323K, capacity 7094K, committed 7296K, reserved 1056768K
  class space    used 602K, capacity 622K, committed 640K, reserved 1048576K
Event: 12.951 GC heap after
Heap after GC invocations=3 (full 0):
 PSYoungGen      total 68608K, used 5120K [0x00000000eab00000, 0x00000000f3100000, 0x0000000100000000)
  eden space 63488K, 0% used [0x00000000eab00000,0x00000000eab00000,0x00000000ee900000)
  from space 5120K, 100% used [0x00000000ee900000,0x00000000eee00000,0x00000000eee00000)
  to   space 5120K, 0% used [0x00000000f2c00000,0x00000000f2c00000,0x00000000f3100000)
 ParOldGen       total 84992K, used 12820K [0x00000000c0000000, 0x00000000c5300000, 0x00000000eab00000)
  object space 84992K, 15% used [0x00000000c0000000,0x00000000c0c85078,0x00000000c5300000)
 Metaspace       used 6323K, capacity 7094K, committed 7296K, reserved 1056768K
  class space    used 602K, capacity 622K, committed 640K, reserved 1048576K
}
Event: 21.667 GC heap before
{Heap before GC invocations=4 (full 0):
 PSYoungGen      total 68608K, used 68608K [0x00000000eab00000, 0x00000000f3100000, 0x0000000100000000)
  eden space 63488K, 100% used [0x00000000eab00000,0x00000000ee900000,0x00000000ee900000)
  from space 5120K, 100% used [0x00000000ee900000,0x00000000eee00000,0x00000000eee00000)
  to   space 5120K, 0% used [0x00000000f2c00000,0x00000000f2c00000,0x00000000f3100000)
 ParOldGen       total 84992K, used 12820K [0x00000000c0000000, 0x00000000c5300000, 0x00000000eab00000)
  object space 84992K, 15% used [0x00000000c0000000,0x00000000c0c85078,0x00000000c5300000)
 Metaspace       used 6425K, capacity 7158K, committed 7296K, reserved 1056768K
  class space    used 602K, capacity 622K, committed 640K, reserved 1048576K
Event: 22.062 GC heap after
Heap after GC invocations=4 (full 0):
 PSYoungGen      total 132096K, used 5120K [0x00000000eab00000, 0x00000000f3100000, 0x0000000100000000)
  eden space 126976K, 0% used [0x00000000eab00000,0x00000000eab00000,0x00000000f2700000)
  from space 5120K, 100% used [0x00000000f2c00000,0x00000000f3100000,0x00000000f3100000)
  to   space 5120K, 0% used [0x00000000f2700000,0x00000000f2700000,0x00000000f2c00000)
 ParOldGen       total 84992K, used 23092K [0x00000000c0000000, 0x00000000c5300000, 0x00000000eab00000)
  object space 84992K, 27% used [0x00000000c0000000,0x00000000c168d000,0x00000000c5300000)
 Metaspace       used 6425K, capacity 7158K, committed 7296K, reserved 1056768K
  class space    used 602K, capacity 622K, committed 640K, reserved 1048576K
}

Deoptimization events (10 events):
Event: 37.461 Thread 0x000000005655f800 Uncommon trap: reason=unstable_if action=reinterpret pc=0x0000000002e0faa0 method=com.android.dx.cf.code.Simulator$SimVisitor.visitNoArgs(IIILcom/android/dx/rop/type/Type;)V @ 1316
Event: 37.462 Thread 0x000000005655f800 Uncommon trap: reason=null_check action=make_not_entrant pc=0x0000000002a3bf4c method=com.android.dx.ssa.SsaRenamer.getLocalForNewReg(I)Lcom/android/dx/rop/code/LocalItem; @ 19
Event: 37.462 Thread 0x000000005655f800 Uncommon trap: reason=unstable_if action=reinterpret pc=0x0000000002d2ebf4 method=com.android.dx.ssa.SsaMethod.isRegALocal(Lcom/android/dx/rop/code/RegisterSpec;)Z @ 80
Event: 37.462 Thread 0x000000005655f800 Uncommon trap: reason=unstable_if action=reinterpret pc=0x0000000002eee5b0 method=com.android.dx.dex.code.RopTranslator$TranslationVisitor.visitPlainInsn(Lcom/android/dx/rop/code/PlainInsn;)V @ 11
Event: 37.969 Thread 0x000000005655f800 Uncommon trap: reason=bimorphic action=maybe_recompile pc=0x00000000031374b0 method=com.android.dx.cf.code.BytecodeArray.parseInstruction(ILcom/android/dx/cf/code/BytecodeArray$Visitor;)I @ 1501
Event: 37.970 Thread 0x000000005655f800 Uncommon trap: reason=bimorphic action=maybe_recompile pc=0x00000000031374b0 method=com.android.dx.cf.code.BytecodeArray.parseInstruction(ILcom/android/dx/cf/code/BytecodeArray$Visitor;)I @ 1501
Event: 38.022 Thread 0x000000005655f800 Uncommon trap: reason=unstable_if action=reinterpret pc=0x00000000030a441c method=com.android.dx.ssa.SCCP.simulateBranch(Lcom/android/dx/ssa/SsaInsn;)V @ 334
Event: 38.022 Thread 0x000000005655f800 Uncommon trap: reason=unstable_if action=reinterpret pc=0x0000000002dd3b88 method=com.android.dx.ssa.SCCP.run()V @ 257
Event: 39.008 Thread 0x00000000565a5000 Uncommon trap: reason=bimorphic action=maybe_recompile pc=0x00000000031374b0 method=com.android.dx.cf.code.BytecodeArray.parseInstruction(ILcom/android/dx/cf/code/BytecodeArray$Visitor;)I @ 1501
Event: 39.008 Thread 0x00000000565a5000 Uncommon trap: reason=bimorphic action=maybe_recompile pc=0x00000000031374b0 method=com.android.dx.cf.code.BytecodeArray.parseInstruction(ILcom/android/dx/cf/code/BytecodeArray$Visitor;)I @ 1501

Internal exceptions (4 events):
Event: 0.058 Thread 0x00000000024ef000 Exception <a 'java/lang/NoSuchMethodError': Method sun.misc.Unsafe.defineClass(Ljava/lang/String;[BII)Ljava/lang/Class; name or signature does not match> (0x00000000eab07cc0) thrown at [D:\re\workspace\8-2-build-windows-amd64-cygwin\jdk8u92\6642\hotspot\sr;«sV‰­?
Event: 0.058 Thread 0x00000000024ef000 Exception <a 'java/lang/NoSuchMethodError': Method sun.misc.Unsafe.prefetchRead(Ljava/lang/Object;J)V name or signature does not match> (0x00000000eab07fa8) thrown at [D:\re\workspace\8-2-build-windows-amd64-cygwin\jdk8u92\6642\hotspot\src\share\vm\prims\jj2žYÚ³#@
Event: 9.851 Thread 0x00000000565a5000 Implicit null exception at 0x0000000002a32092 to 0x0000000002a32182
Event: 37.462 Thread 0x000000005655f800 Implicit null exception at 0x0000000002a3a89a to 0x0000000002a3bf01

Events (10 events):
Event: 38.022 Thread 0x000000005655f800 DEOPT PACKING pc=0x0000000002dd3b88 sp=0x0000000057e3e810
Event: 38.022 Thread 0x000000005655f800 DEOPT UNPACKING pc=0x00000000027a582a sp=0x0000000057e3e7e8 mode 2
Event: 39.008 Thread 0x00000000565a5000 Uncommon trap: trap_request=0xffffffc6 fr.pc=0x00000000031374b0
Event: 39.008 Thread 0x00000000565a5000 DEOPT PACKING pc=0x00000000031374b0 sp=0x0000000057fae6a0
Event: 39.008 Thread 0x00000000565a5000 DEOPT UNPACKING pc=0x00000000027a582a sp=0x0000000057fae660 mode 2
Event: 39.008 Thread 0x00000000565a5000 Uncommon trap: trap_request=0xffffffc6 fr.pc=0x00000000031374b0
Event: 39.008 Thread 0x00000000565a5000 DEOPT PACKING pc=0x00000000031374b0 sp=0x0000000057fae510
Event: 39.008 Thread 0x00000000565a5000 DEOPT UNPACKING pc=0x00000000027a582a sp=0x0000000057fae4d0 mode 2
Event: 39.015 Thread 0x00000000565a1000 DEOPT PACKING pc=0x0000000002dc7787 sp=0x0000000056f4ef10
Event: 39.015 Thread 0x00000000565a1000 DEOPT UNPACKING pc=0x00000000027a787f sp=0x0000000056f4ed40 mode 0


Dynamic libraries:
0x000000013ff90000 - 0x000000013ffc7000 	D:\Program Files\Java\jdk1.8.0_92\bin\java.exe
0x0000000077220000 - 0x00000000773ca000 	C:\Windows\SYSTEM32\ntdll.dll
0x0000000077100000 - 0x000000007721f000 	C:\Windows\system32\kernel32.dll
0x000007fefd2f0000 - 0x000007fefd35b000 	C:\Windows\system32\KERNELBASE.dll
0x000007fefec20000 - 0x000007fefecfb000 	C:\Windows\system32\ADVAPI32.dll
0x000007feff420000 - 0x000007feff4bf000 	C:\Windows\system32\msvcrt.dll
0x000007fefd410000 - 0x000007fefd42f000 	C:\Windows\SYSTEM32\sechost.dll
0x000007feff020000 - 0x000007feff14d000 	C:\Windows\system32\RPCRT4.dll
0x0000000077000000 - 0x00000000770fa000 	C:\Windows\system32\USER32.dll
0x000007fefd3a0000 - 0x000007fefd407000 	C:\Windows\system32\GDI32.dll
0x000007fefd430000 - 0x000007fefd43e000 	C:\Windows\system32\LPK.dll
0x000007fefeb50000 - 0x000007fefec1a000 	C:\Windows\system32\USP10.dll
0x000007fefc110000 - 0x000007fefc304000 	C:\Windows\WinSxS\amd64_microsoft.windows.common-controls_6595b64144ccf1df_6.0.7601.18837_none_fa3b1e3d17594757\COMCTL32.dll
0x000007fefea30000 - 0x000007fefeaa1000 	C:\Windows\system32\SHLWAPI.dll
0x000007fefeff0000 - 0x000007feff01e000 	C:\Windows\system32\IMM32.DLL
0x000007fefd7a0000 - 0x000007fefd8a9000 	C:\Windows\system32\MSCTF.dll
0x000000006a6f0000 - 0x000000006a7c2000 	D:\Program Files\Java\jdk1.8.0_92\jre\bin\msvcr100.dll
0x0000000059b40000 - 0x000000005a3d6000 	D:\Program Files\Java\jdk1.8.0_92\jre\bin\server\jvm.dll
0x000007fefaa80000 - 0x000007fefaa89000 	C:\Windows\system32\WSOCK32.dll
0x000007feff4e0000 - 0x000007feff52d000 	C:\Windows\system32\WS2_32.dll
0x000007feff410000 - 0x000007feff418000 	C:\Windows\system32\NSI.dll
0x000007fefd360000 - 0x000007fefd39b000 	C:\Windows\system32\WINMM.dll
0x000007fefbe70000 - 0x000007fefbe7c000 	C:\Windows\system32\VERSION.dll
0x00000000773f0000 - 0x00000000773f7000 	C:\Windows\system32\PSAPI.DLL
0x0000000074880000 - 0x000000007488f000 	D:\Program Files\Java\jdk1.8.0_92\jre\bin\verify.dll
0x00000000742d0000 - 0x00000000742f9000 	D:\Program Files\Java\jdk1.8.0_92\jre\bin\java.dll
0x00000000742b0000 - 0x00000000742c6000 	D:\Program Files\Java\jdk1.8.0_92\jre\bin\zip.dll
0x000007fefd8b0000 - 0x000007fefe639000 	C:\Windows\system32\SHELL32.dll
0x000007fefede0000 - 0x000007fefefe3000 	C:\Windows\system32\ole32.dll
0x000007fefcef0000 - 0x000007fefceff000 	C:\Windows\system32\profapi.dll

VM Arguments:
jvm_args: -Djava.awt.headless=true -Xmx1024M -Dfile.encoding=GBK -Duser.country=CN -Duser.language=zh -Duser.variant 
java_command: com.android.dx.command.Main --dex --force-jumbo --num-threads=4 --multi-dex --output C:\Users\ThinkPad\Desktop\Foodamental-master\app\build\intermediates\transforms\dex\debug\folders\1000\10\com.google.android.gms-play-services-basement-8.1.0_1d41ae9e246ff7340e7cda8b1f060d5e374230a6 C:\Users\ThinkPad\Desktop\Foodamental-master\app\build\intermediates\exploded-aar\com.google.android.gms\play-services-basement\8.1.0\jars\classes.jar
java_class_path (initial): D:\sdk\build-tools\23.0.2\lib\dx.jar
Launcher Type: SUN_STANDARD

Environment Variables:
PATH=C:\ProgramData\Oracle\Java\javapath;C:\PROGRAM FILES (X86)\INTEL\ICLS CLIENT\;C:\PROGRAM FILES\INTEL\ICLS CLIENT\;C:\Windows\SYSTEM32;C:\Windows;C:\Windows\SYSTEM32\WBEM;C:\Windows\SYSTEM32\WINDOWSPOWERSHELL\V1.0\;C:\PROGRAM FILES\INTEL\INTEL(R) MANAGEMENT ENGINE COMPONENTS\DAL;C:\PROGRAM FILES\INTEL\INTEL(R) MANAGEMENT ENGINE COMPONENTS\IPT;C:\PROGRAM FILES (X86)\INTEL\INTEL(R) MANAGEMENT ENGINE COMPONENTS\DAL;C:\PROGRAM FILES (X86)\INTEL\INTEL(R) MANAGEMENT ENGINE COMPONENTS\IPT;C:\PROGRAM FILES (X86)\LENOVO\ACCESS CONNECTIONS\;C:\Program Files\ThinkPad\Bluetooth Software\;C:\Program Files\ThinkPad\Bluetooth Software\syswow64;C:\Program Files (x86)\Intel\OpenCL SDK\3.0\bin\x86;C:\Program Files (x86)\Intel\OpenCL SDK\3.0\bin\x64;C:\Program Files\OpenVPN\bin;C:\Program Files\Microsoft\Web Platform Installer\;C:\Program Files (x86)\Windows Kits\8.1\Windows Performance Toolkit\;C:\Program Files\Microsoft SQL Server\110\Tools\Binn\;C:\Program Files (x86)\Microsoft SDKs\TypeScript\1.0\;C:\Program Files\Microsoft SQL Server\120\Tools\Binn\;C:\Program Files (x86)\Skype\Phone\;%OPENCV_DIR%\bin;C:\Windows\system32\config\systemprofile\.dnx\bin;C:\Program Files\Microsoft DNX\Dnvm\;C:\Program Files\Microsoft SQL Server\130\Tools\Binn\;C:\Program Files\Git\cmd
USERNAME=ThinkPad
OS=Windows_NT
PROCESSOR_IDENTIFIER=Intel64 Family 6 Model 58 Stepping 9, GenuineIntel



---------------  S Y S T E M  ---------------

OS: Windows 7 , 64 bit Build 7601 (6.1.7601.19160)

CPU:total 4 (2 cores per cpu, 2 threads per core) family 6 model 58 stepping 9, cmov, cx8, fxsr, mmx, sse, sse2, sse3, ssse3, sse4.1, sse4.2, popcnt, avx, aes, clmul, erms, ht, tsc, tscinvbit, tscinv

Memory: 4k page, physical 8077104k(1073764k free), swap 8075268k(4600k free)

vm_info: Java HotSpot(TM) 64-Bit Server VM (25.92-b14) for windows-amd64 JRE (1.8.0_92-b14), built on Mar 31 2016 21:03:04 by "java_re" with MS VC++ 10.0 (VS2010)

time: Thu Jun 16 16:51:04 2016
elapsed time: 39 seconds (0d 0h 0m 39s)

