#
# There is insufficient memory for the Java Runtime Environment to continue.
# Native memory allocation (malloc) failed to allocate 183856 bytes for Chunk::new
# Possible reasons:
#   The system is out of physical RAM or swap space
#   In 32 bit mode, the process size limit was hit
# Possible solutions:
#   Reduce memory load on the system
#   Increase physical memory or swap space
#   Check if swap backing store is full
#   Use 64 bit Java on a 64 bit OS
#   Decrease Java heap size (-Xmx/-Xms)
#   Decrease number of Java threads
#   Decrease Java thread stack sizes (-Xss)
#   Set larger code cache with -XX:ReservedCodeCacheSize=
# This output file may be truncated or incomplete.
#
#  Out of Memory Error (allocation.cpp:390), pid=9644, tid=0x0000000000001d90
#
# JRE version: Java(TM) SE Runtime Environment (8.0_92-b14) (build 1.8.0_92-b14)
# Java VM: Java HotSpot(TM) 64-Bit Server VM (25.92-b14 mixed mode windows-amd64 compressed oops)
# Failed to write core dump. Minidumps are not enabled by default on client versions of Windows
#

---------------  T H R E A D  ---------------

Current thread (0x00000000566ba800):  JavaThread "C2 CompilerThread0" daemon [_thread_in_native, id=7568, stack(0x0000000056e60000,0x0000000056f60000)]

Stack: [0x0000000056e60000,0x0000000056f60000]
[error occurred during error reporting (printing stack bounds), id 0xc0000005]

Native frames: (J=compiled Java code, j=interpreted, Vv=VM code, C=native code)


Current CompileTask:
C2:   6963  792       4       com.android.dx.ssa.back.LivenessAnalyzer::handleTailRecursion (94 bytes)


---------------  P R O C E S S  ---------------

Java Threads: ( => current thread )
  0x0000000056a36800 JavaThread "pool-2-thread-4" [_thread_in_Java, id=6548, stack(0x0000000057f50000,0x0000000058050000)]
  0x0000000056a36000 JavaThread "pool-2-thread-3" [_thread_in_Java, id=10080, stack(0x0000000057d10000,0x0000000057e10000)]
  0x0000000056a34000 JavaThread "pool-2-thread-2" [_thread_in_Java, id=10944, stack(0x0000000057e50000,0x0000000057f50000)]
  0x0000000056a29800 JavaThread "pool-3-thread-1" [_thread_blocked, id=7928, stack(0x0000000057c00000,0x0000000057d00000)]
  0x0000000056a07800 JavaThread "pool-2-thread-1" [_thread_in_Java, id=2104, stack(0x0000000057a70000,0x0000000057b70000)]
  0x000000005672c800 JavaThread "Service Thread" daemon [_thread_blocked, id=10416, stack(0x0000000056cb0000,0x0000000056db0000)]
  0x0000000056707000 JavaThread "C1 CompilerThread2" daemon [_thread_blocked, id=6140, stack(0x00000000564a0000,0x00000000565a0000)]
  0x00000000566c7000 JavaThread "C2 CompilerThread1" daemon [_thread_blocked, id=5828, stack(0x0000000057010000,0x0000000057110000)]
=>0x00000000566ba800 JavaThread "C2 CompilerThread0" daemon [_thread_in_native, id=7568, stack(0x0000000056e60000,0x0000000056f60000)]
  0x00000000550e0800 JavaThread "Attach Listener" daemon [_thread_blocked, id=2088, stack(0x0000000056170000,0x0000000056270000)]
  0x00000000550ef800 JavaThread "Signal Dispatcher" daemon [_thread_blocked, id=7900, stack(0x0000000056ba0000,0x0000000056ca0000)]
  0x00000000550cd000 JavaThread "Finalizer" daemon [_thread_blocked, id=10232, stack(0x00000000565b0000,0x00000000566b0000)]
  0x0000000055086800 JavaThread "Reference Handler" daemon [_thread_blocked, id=11156, stack(0x00000000563a0000,0x00000000564a0000)]
  0x00000000026cf000 JavaThread "main" [_thread_in_Java, id=10536, stack(0x0000000002810000,0x0000000002910000)]

Other Threads:
  0x000000005507f000 VMThread [stack: 0x00000000562a0000,0x00000000563a0000] [id=10632]
  0x0000000056753000 WatcherThread [stack: 0x0000000057160000,0x0000000057260000] [id=10308]

VM state:not at safepoint (normal execution)

VM Mutex/Monitor currently owned by a thread: None

Heap:
 PSYoungGen      total 36864K, used 11286K [0x00000000eab00000, 0x00000000ed400000, 0x0000000100000000)
  eden space 31744K, 19% used [0x00000000eab00000,0x00000000eb107128,0x00000000eca00000)
  from space 5120K, 99% used [0x00000000eca00000,0x00000000ecefe828,0x00000000ecf00000)
  to   space 5120K, 0% used [0x00000000ecf00000,0x00000000ecf00000,0x00000000ed400000)
 ParOldGen       total 84992K, used 84K [0x00000000c0000000, 0x00000000c5300000, 0x00000000eab00000)
  object space 84992K, 0% used [0x00000000c0000000,0x00000000c00151c8,0x00000000c5300000)
 Metaspace       used 5844K, capacity 6708K, committed 6784K, reserved 1056768K
  class space    used 599K, capacity 620K, committed 640K, reserved 1048576K

Card table byte_map: [0x0000000011cd0000,0x0000000011ee0000] byte_map_base: 0x00000000116d0000

Marking Bits: (ParMarkBitMap*) 0x0000000063ca64f0
 Begin Bits: [0x00000000124f0000, 0x00000000134f0000)
 End Bits:   [0x00000000134f0000, 0x00000000144f0000)

Polling page: 0x0000000000330000

CodeCache: size=245760Kb used=2740Kb max_used=2740Kb free=243019Kb
 bounds [0x0000000002910000, 0x0000000002bc0000, 0x0000000011910000]
 total_blobs=993 nmethods=720 adapters=184
 compilation: disabled (not enough contiguous free space left)

Compilation events (10 events):
Event: 6.853 Thread 0x0000000056707000 nmethod 739 0x0000000002bb89d0 code [0x0000000002bb8b20, 0x0000000002bb8cd0]
Event: 6.853 Thread 0x0000000056707000  703       2       com.android.dx.cf.code.OneLocalsArray::getOrNull (7 bytes)
Event: 6.853 Thread 0x0000000056707000 nmethod 703 0x0000000002bb8610 code [0x0000000002bb8760, 0x0000000002bb88d0]
Event: 6.853 Thread 0x0000000056707000  694       2       java.util.Collections$UnmodifiableCollection$1::next (10 bytes)
Event: 6.853 Thread 0x0000000056707000 nmethod 694 0x0000000002bba890 code [0x0000000002bbaa00, 0x0000000002bbab88]
Event: 6.853 Thread 0x0000000056707000  770       2       com.android.dx.ssa.DeadCodeRemover::access$000 (5 bytes)
Event: 6.853 Thread 0x0000000056707000 nmethod 770 0x0000000002bba510 code [0x0000000002bba680, 0x0000000002bba7e8]
Event: 6.853 Thread 0x0000000056707000  726       3       com.android.dx.cf.code.Merger::mergeType (142 bytes)
Event: 6.855 Thread 0x0000000056707000 

Event: 6.858 Thread 0x00000000566c7000 


GC Heap History (2 events):
Event: 6.434 GC heap before
{Heap before GC invocations=1 (full 0):
 PSYoungGen      total 36864K, used 31744K [0x00000000eab00000, 0x00000000ed400000, 0x0000000100000000)
  eden space 31744K, 100% used [0x00000000eab00000,0x00000000eca00000,0x00000000eca00000)
  from space 5120K, 0% used [0x00000000ecf00000,0x00000000ecf00000,0x00000000ed400000)
  to   space 5120K, 0% used [0x00000000eca00000,0x00000000eca00000,0x00000000ecf00000)
 ParOldGen       total 84992K, used 0K [0x00000000c0000000, 0x00000000c5300000, 0x00000000eab00000)
  object space 84992K, 0% used [0x00000000c0000000,0x00000000c0000000,0x00000000c5300000)
 Metaspace       used 5801K, capacity 6644K, committed 6784K, reserved 1056768K
  class space    used 599K, capacity 620K, committed 640K, reserved 1048576K
Event: 6.812 GC heap after
Heap after GC invocations=1 (full 0):
 PSYoungGen      total 36864K, used 5114K [0x00000000eab00000, 0x00000000ed400000, 0x0000000100000000)
  eden space 31744K, 0% used [0x00000000eab00000,0x00000000eab00000,0x00000000eca00000)
  from space 5120K, 99% used [0x00000000eca00000,0x00000000ecefe828,0x00000000ecf00000)
  to   space 5120K, 0% used [0x00000000ecf00000,0x00000000ecf00000,0x00000000ed400000)
 ParOldGen       total 84992K, used 84K [0x00000000c0000000, 0x00000000c5300000, 0x00000000eab00000)
  object space 84992K, 0% used [0x00000000c0000000,0x00000000c00151c8,0x00000000c5300000)
 Metaspace       used 5801K, capacity 6644K, committed 6784K, reserved 1056768K
  class space    used 599K, capacity 620K, committed 640K, reserved 1048576K
}

Deoptimization events (8 events):
Event: 5.935 Thread 0x0000000056a36800 Uncommon trap: reason=unstable_if action=reinterpret pc=0x0000000002b4b0f0 method=java.util.HashMap.getNode(ILjava/lang/Object;)Ljava/util/HashMap$Node; @ 129
Event: 6.034 Thread 0x0000000056a07800 Uncommon trap: reason=unstable_if action=reinterpret pc=0x0000000002b778a4 method=java.util.BitSet.ensureCapacity(I)V @ 6
Event: 6.191 Thread 0x00000000026cf000 Uncommon trap: reason=bimorphic action=maybe_recompile pc=0x0000000002ba302c method=java.util.HashMap.getNode(ILjava/lang/Object;)Ljava/util/HashMap$Node; @ 126
Event: 6.193 Thread 0x00000000026cf000 Uncommon trap: reason=class_check action=maybe_recompile pc=0x0000000002bb0610 method=com.android.dx.ssa.NormalSsaInsn.accept(Lcom/android/dx/ssa/SsaInsn$Visitor;)V @ 9
Event: 6.193 Thread 0x00000000026cf000 Uncommon trap: reason=class_check action=maybe_recompile pc=0x0000000002bb0610 method=com.android.dx.ssa.NormalSsaInsn.accept(Lcom/android/dx/ssa/SsaInsn$Visitor;)V @ 9
Event: 6.193 Thread 0x00000000026cf000 Uncommon trap: reason=class_check action=maybe_recompile pc=0x0000000002bb0610 method=com.android.dx.ssa.NormalSsaInsn.accept(Lcom/android/dx/ssa/SsaInsn$Visitor;)V @ 9
Event: 6.193 Thread 0x00000000026cf000 Uncommon trap: reason=class_check action=maybe_recompile pc=0x0000000002bb0610 method=com.android.dx.ssa.NormalSsaInsn.accept(Lcom/android/dx/ssa/SsaInsn$Visitor;)V @ 9
Event: 6.213 Thread 0x00000000026cf000 Uncommon trap: reason=unstable_if action=reinterpret pc=0x0000000002b8e104 method=com.android.dx.rop.cst.Constant.compareTo(Lcom/android/dx/rop/cst/Constant;)I @ 12

Internal exceptions (2 events):
Event: 1.680 Thread 0x00000000026cf000 Exception <a 'java/lang/NoSuchMethodError': Method sun.misc.Unsafe.defineClass(Ljava/lang/String;[BII)Ljava/lang/Class; name or signature does not match> (0x00000000eab07cc0) thrown at [D:\re\workspace\8-2-build-windows-amd64-cygwin\jdk8u92\6642\hotspot\srˆ)H×àú?
Event: 1.680 Thread 0x00000000026cf000 Exception <a 'java/lang/NoSuchMethodError': Method sun.misc.Unsafe.prefetchRead(Ljava/lang/Object;J)V name or signature does not match> (0x00000000eab07fa8) thrown at [D:\re\workspace\8-2-build-windows-amd64-cygwin\jdk8u92\6642\hotspot\src\share\vm\prims\j

Events (10 events):
Event: 6.193 Thread 0x00000000026cf000 DEOPT PACKING pc=0x0000000002bb0610 sp=0x000000000290e420
Event: 6.193 Thread 0x00000000026cf000 DEOPT UNPACKING pc=0x000000000295582a sp=0x000000000290e440 mode 2
Event: 6.193 Thread 0x00000000026cf000 Uncommon trap: trap_request=0xffffffde fr.pc=0x0000000002bb0610
Event: 6.193 Thread 0x00000000026cf000 DEOPT PACKING pc=0x0000000002bb0610 sp=0x000000000290e420
Event: 6.193 Thread 0x00000000026cf000 DEOPT UNPACKING pc=0x000000000295582a sp=0x000000000290e440 mode 2
Event: 6.213 Thread 0x00000000026cf000 Uncommon trap: trap_request=0xffffff65 fr.pc=0x0000000002b8e104
Event: 6.213 Thread 0x00000000026cf000 DEOPT PACKING pc=0x0000000002b8e104 sp=0x000000000290e2f0
Event: 6.213 Thread 0x00000000026cf000 DEOPT UNPACKING pc=0x000000000295582a sp=0x000000000290e290 mode 2
Event: 6.393 Executing VM operation: ParallelGCFailedAllocation
Event: 6.812 Executing VM operation: ParallelGCFailedAllocation done


Dynamic libraries:
0x000000013ff50000 - 0x000000013ff87000 	D:\Program Files\Java\jdk1.8.0_92\bin\java.exe
0x0000000076dc0000 - 0x0000000076f6a000 	C:\Windows\SYSTEM32\ntdll.dll
0x0000000076ca0000 - 0x0000000076dbf000 	C:\Windows\system32\kernel32.dll
0x000007fefcb40000 - 0x000007fefcbab000 	C:\Windows\system32\KERNELBASE.dll
0x000007fefe490000 - 0x000007fefe56b000 	C:\Windows\system32\ADVAPI32.dll
0x000007fefec70000 - 0x000007fefed0f000 	C:\Windows\system32\msvcrt.dll
0x000007fefec40000 - 0x000007fefec5f000 	C:\Windows\SYSTEM32\sechost.dll
0x000007fefef40000 - 0x000007feff06d000 	C:\Windows\system32\RPCRT4.dll
0x0000000076a60000 - 0x0000000076b5a000 	C:\Windows\system32\USER32.dll
0x000007fefe570000 - 0x000007fefe5d7000 	C:\Windows\system32\GDI32.dll
0x000007fefd2a0000 - 0x000007fefd2ae000 	C:\Windows\system32\LPK.dll
0x000007fefed10000 - 0x000007fefedda000 	C:\Windows\system32\USP10.dll
0x000007fefbd40000 - 0x000007fefbf34000 	C:\Windows\WinSxS\amd64_microsoft.windows.common-controls_6595b64144ccf1df_6.0.7601.18837_none_fa3b1e3d17594757\COMCTL32.dll
0x000007fefd140000 - 0x000007fefd1b1000 	C:\Windows\system32\SHLWAPI.dll
0x000007fefd330000 - 0x000007fefd35e000 	C:\Windows\system32\IMM32.DLL
0x000007fefee30000 - 0x000007fefef39000 	C:\Windows\system32\MSCTF.dll
0x0000000062680000 - 0x0000000062752000 	D:\Program Files\Java\jdk1.8.0_92\jre\bin\msvcr100.dll
0x0000000063490000 - 0x0000000063d26000 	D:\Program Files\Java\jdk1.8.0_92\jre\bin\server\jvm.dll
0x000007fefa200000 - 0x000007fefa209000 	C:\Windows\system32\WSOCK32.dll
0x000007fefede0000 - 0x000007fefee2d000 	C:\Windows\system32\WS2_32.dll
0x000007fefec60000 - 0x000007fefec68000 	C:\Windows\system32\NSI.dll
0x000007fefcf00000 - 0x000007fefcf3b000 	C:\Windows\system32\WINMM.dll
0x000007fefba50000 - 0x000007fefba5c000 	C:\Windows\system32\VERSION.dll
0x0000000076f80000 - 0x0000000076f87000 	C:\Windows\system32\PSAPI.DLL
0x0000000074430000 - 0x000000007443f000 	D:\Program Files\Java\jdk1.8.0_92\jre\bin\verify.dll
0x0000000074400000 - 0x0000000074429000 	D:\Program Files\Java\jdk1.8.0_92\jre\bin\java.dll
0x00000000743e0000 - 0x00000000743f6000 	D:\Program Files\Java\jdk1.8.0_92\jre\bin\zip.dll
0x000007fefd660000 - 0x000007fefe3e9000 	C:\Windows\system32\SHELL32.dll
0x000007fefea30000 - 0x000007fefec33000 	C:\Windows\system32\ole32.dll
0x000007fefca90000 - 0x000007fefca9f000 	C:\Windows\system32\profapi.dll

VM Arguments:
jvm_args: -Djava.awt.headless=true -Xmx1024M -Dfile.encoding=GBK -Duser.country=CN -Duser.language=zh -Duser.variant 
java_command: com.android.dx.command.Main --dex --force-jumbo --num-threads=4 --multi-dex --output C:\Users\ThinkPad\Desktop\Foodamental-master\app\build\intermediates\transforms\dex\debug\folders\1000\10\com.google.android.gms-play-services-games-8.1.0_a787939f167cb0ca11591a5c1706abfa2db4db21 C:\Users\ThinkPad\Desktop\Foodamental-master\app\build\intermediates\exploded-aar\com.google.android.gms\play-services-games\8.1.0\jars\classes.jar
java_class_path (initial): D:\sdk\build-tools\23.0.2\lib\dx.jar
Launcher Type: SUN_STANDARD

Environment Variables:
PATH=C:\ProgramData\Oracle\Java\javapath;C:\PROGRAM FILES (X86)\INTEL\ICLS CLIENT\;C:\PROGRAM FILES\INTEL\ICLS CLIENT\;C:\Windows\SYSTEM32;C:\Windows;C:\Windows\SYSTEM32\WBEM;C:\Windows\SYSTEM32\WINDOWSPOWERSHELL\V1.0\;C:\PROGRAM FILES\INTEL\INTEL(R) MANAGEMENT ENGINE COMPONENTS\DAL;C:\PROGRAM FILES\INTEL\INTEL(R) MANAGEMENT ENGINE COMPONENTS\IPT;C:\PROGRAM FILES (X86)\INTEL\INTEL(R) MANAGEMENT ENGINE COMPONENTS\DAL;C:\PROGRAM FILES (X86)\INTEL\INTEL(R) MANAGEMENT ENGINE COMPONENTS\IPT;C:\PROGRAM FILES (X86)\LENOVO\ACCESS CONNECTIONS\;C:\Program Files\ThinkPad\Bluetooth Software\;C:\Program Files\ThinkPad\Bluetooth Software\syswow64;C:\Program Files (x86)\Intel\OpenCL SDK\3.0\bin\x86;C:\Program Files (x86)\Intel\OpenCL SDK\3.0\bin\x64;C:\Program Files\OpenVPN\bin;C:\Program Files\Microsoft\Web Platform Installer\;C:\Program Files (x86)\Windows Kits\8.1\Windows Performance Toolkit\;C:\Program Files\Microsoft SQL Server\110\Tools\Binn\;C:\Program Files (x86)\Microsoft SDKs\TypeScript\1.0\;C:\Program Files\Microsoft SQL Server\120\Tools\Binn\;C:\Program Files (x86)\Skype\Phone\;%OPENCV_DIR%\bin;C:\Windows\system32\config\systemprofile\.dnx\bin;C:\Program Files\Microsoft DNX\Dnvm\;C:\Program Files\Microsoft SQL Server\130\Tools\Binn\;C:\Program Files\Git\cmd
USERNAME=ThinkPad
OS=Windows_NT
PROCESSOR_IDENTIFIER=Intel64 Family 6 Model 58 Stepping 9, GenuineIntel



---------------  S Y S T E M  ---------------

OS: Windows 7 , 64 bit Build 7601 (6.1.7601.19160)

CPU:total 4 (2 cores per cpu, 2 threads per core) family 6 model 58 stepping 9, cmov, cx8, fxsr, mmx, sse, sse2, sse3, ssse3, sse4.1, sse4.2, popcnt, avx, aes, clmul, erms, ht, tsc, tscinvbit, tscinv

Memory: 4k page, physical 8077104k(1182248k free), swap 8075268k(12568k free)

vm_info: Java HotSpot(TM) 64-Bit Server VM (25.92-b14) for windows-amd64 JRE (1.8.0_92-b14), built on Mar 31 2016 21:03:04 by "java_re" with MS VC++ 10.0 (VS2010)

time: Wed Jun 15 11:35:24 2016
elapsed time: 6 seconds (0d 0h 0m 6s)

