#
# There is insufficient memory for the Java Runtime Environment to continue.
# Native memory allocation (malloc) failed to allocate 163296 bytes for Chunk::new
# Possible reasons:
#   The system is out of physical RAM or swap space
#   In 32 bit mode, the process size limit was hit
# Possible solutions:
#   Reduce memory load on the system
#   Increase physical memory or swap space
#   Check if swap backing store is full
#   Use 64 bit Java on a 64 bit OS
#   Decrease Java heap size (-Xmx/-Xms)
#   Decrease number of Java threads
#   Decrease Java thread stack sizes (-Xss)
#   Set larger code cache with -XX:ReservedCodeCacheSize=
# This output file may be truncated or incomplete.
#
#  Out of Memory Error (allocation.cpp:390), pid=2412, tid=0x0000000000002738
#
# JRE version: Java(TM) SE Runtime Environment (8.0_92-b14) (build 1.8.0_92-b14)
# Java VM: Java HotSpot(TM) 64-Bit Server VM (25.92-b14 mixed mode windows-amd64 compressed oops)
# Failed to write core dump. Minidumps are not enabled by default on client versions of Windows
#

---------------  T H R E A D  ---------------

Current thread (0x00000000566f6000):  JavaThread "C2 CompilerThread0" daemon [_thread_in_native, id=10040, stack(0x0000000056d20000,0x0000000056e20000)]

Stack: [0x0000000056d20000,0x0000000056e20000]
[error occurred during error reporting (printing stack bounds), id 0xc0000005]

Native frames: (J=compiled Java code, j=interpreted, Vv=VM code, C=native code)


Current CompileTask:
C2:   1396  680   !   4       com.android.dx.rop.code.RegisterSpec::intern (70 bytes)


---------------  P R O C E S S  ---------------

Java Threads: ( => current thread )
  0x0000000057933800 JavaThread "pool-2-thread-4" [_thread_blocked, id=10404, stack(0x0000000058010000,0x0000000058110000)]
  0x0000000057712800 JavaThread "pool-2-thread-3" [_thread_blocked, id=11028, stack(0x00000000560c0000,0x00000000561c0000)]
  0x0000000057931000 JavaThread "pool-2-thread-2" [_thread_blocked, id=9380, stack(0x0000000057180000,0x0000000057280000)]
  0x00000000568b6800 JavaThread "pool-3-thread-1" [_thread_blocked, id=5356, stack(0x00000000575a0000,0x00000000576a0000)]
  0x00000000568b3800 JavaThread "pool-2-thread-1" [_thread_in_vm, id=8236, stack(0x0000000057470000,0x0000000057570000)]
  0x000000005675e000 JavaThread "Service Thread" daemon [_thread_blocked, id=9564, stack(0x0000000056c00000,0x0000000056d00000)]
  0x0000000056751800 JavaThread "C1 CompilerThread2" daemon [_thread_in_native, id=6140, stack(0x0000000056ff0000,0x00000000570f0000)]
  0x0000000056750800 JavaThread "C2 CompilerThread1" daemon [_thread_in_native, id=4268, stack(0x0000000056ef0000,0x0000000056ff0000)]
=>0x00000000566f6000 JavaThread "C2 CompilerThread0" daemon [_thread_in_native, id=10040, stack(0x0000000056d20000,0x0000000056e20000)]
  0x00000000551db000 JavaThread "Attach Listener" daemon [_thread_blocked, id=8232, stack(0x0000000056af0000,0x0000000056bf0000)]
  0x00000000566e8800 JavaThread "Signal Dispatcher" daemon [_thread_blocked, id=11068, stack(0x0000000056350000,0x0000000056450000)]
  0x00000000551ba000 JavaThread "Finalizer" daemon [_thread_blocked, id=2280, stack(0x00000000565e0000,0x00000000566e0000)]
  0x0000000055173000 JavaThread "Reference Handler" daemon [_thread_blocked, id=10804, stack(0x0000000056460000,0x0000000056560000)]
  0x000000000250f000 JavaThread "main" [_thread_in_native, id=10160, stack(0x00000000027f0000,0x00000000028f0000)]

Other Threads:
  0x000000005516b800 VMThread [stack: 0x0000000056210000,0x0000000056310000] [id=9236]
  0x00000000567a1800 WatcherThread [stack: 0x0000000057280000,0x0000000057380000] [id=9228]

VM state:not at safepoint (normal execution)

VM Mutex/Monitor currently owned by a thread: None

Heap:
 PSYoungGen      total 36864K, used 14885K [0x00000000eab00000, 0x00000000ed400000, 0x0000000100000000)
  eden space 31744K, 46% used [0x00000000eab00000,0x00000000eb989708,0x00000000eca00000)
  from space 5120K, 0% used [0x00000000ecf00000,0x00000000ecf00000,0x00000000ed400000)
  to   space 5120K, 0% used [0x00000000eca00000,0x00000000eca00000,0x00000000ecf00000)
 ParOldGen       total 84992K, used 0K [0x00000000c0000000, 0x00000000c5300000, 0x00000000eab00000)
  object space 84992K, 0% used [0x00000000c0000000,0x00000000c0000000,0x00000000c5300000)
 Metaspace       used 5551K, capacity 6640K, committed 6784K, reserved 1056768K
  class space    used 578K, capacity 616K, committed 640K, reserved 1048576K

Card table byte_map: [0x0000000011cb0000,0x0000000011ec0000] byte_map_base: 0x00000000116b0000

Marking Bits: (ParMarkBitMap*) 0x0000000063ca64f0
 Begin Bits: [0x00000000125e0000, 0x00000000135e0000)
 End Bits:   [0x00000000135e0000, 0x00000000145e0000)

Polling page: 0x0000000001b60000

CodeCache: size=245760Kb used=2919Kb max_used=2928Kb free=242840Kb
 bounds [0x00000000028f0000, 0x0000000002bd0000, 0x00000000118f0000]
 total_blobs=947 nmethods=684 adapters=176
 compilation: enabled

Compilation events (10 events):
Event: 1.391 Thread 0x0000000056751800 nmethod 681 0x0000000002bbd4d0 code [0x0000000002bbd640, 0x0000000002bbd7c8]
Event: 1.391 Thread 0x0000000056751800  683       3       com.android.dx.dex.code.RopTranslator$LocalVariableAwareTranslationVisitor::addIntroductionIfNecessary (30 bytes)
Event: 1.392 Thread 0x0000000056751800 nmethod 683 0x0000000002bb2650 code [0x0000000002bb2840, 0x0000000002bb32c8]
Event: 1.392 Thread 0x0000000056750800  685       4       com.android.dx.rop.type.Type::equals (31 bytes)
Event: 1.392 Thread 0x0000000056751800  684       3       com.android.dx.rop.code.LocalVariableInfo::getAssignment (12 bytes)
Event: 1.392 Thread 0x0000000056751800 nmethod 684 0x0000000002bbcf90 code [0x0000000002bbd100, 0x0000000002bbd408]
Event: 1.393 Thread 0x0000000056751800  678       3       com.android.dx.ssa.back.InterferenceGraph::ensureCapacity (42 bytes)
Event: 1.394 Thread 0x0000000056751800 nmethod 678 0x0000000002bc6bd0 code [0x0000000002bc6e00, 0x0000000002bc79a8]
Event: 1.394 Thread 0x0000000056751800  679       3       com.android.dx.ssa.InterferenceRegisterMapper::interferes (78 bytes)
Event: 1.394 Thread 0x0000000056750800 nmethod 685 0x0000000002bbcbd0 code [0x0000000002bbcd20, 0x0000000002bbce98]

GC Heap History (0 events):
No events

Deoptimization events (10 events):
Event: 0.699 Thread 0x0000000057712800 Uncommon trap: reason=class_check action=maybe_recompile pc=0x0000000002b205c8 method=com.android.dx.rop.cst.Constant.compareTo(Ljava/lang/Object;)I @ 2
Event: 0.699 Thread 0x0000000057712800 Uncommon trap: reason=class_check action=maybe_recompile pc=0x0000000002b1e300 method=com.android.dx.rop.cst.CstMemberRef.compareTo0(Lcom/android/dx/rop/cst/Constant;)I @ 1
Event: 0.699 Thread 0x0000000057712800 Uncommon trap: reason=class_check action=maybe_recompile pc=0x0000000002b205c8 method=com.android.dx.rop.cst.Constant.compareTo(Ljava/lang/Object;)I @ 2
Event: 0.699 Thread 0x0000000057712800 Uncommon trap: reason=class_check action=maybe_recompile pc=0x0000000002b1e300 method=com.android.dx.rop.cst.CstMemberRef.compareTo0(Lcom/android/dx/rop/cst/Constant;)I @ 1
Event: 0.699 Thread 0x0000000057712800 Uncommon trap: reason=class_check action=maybe_recompile pc=0x0000000002b205c8 method=com.android.dx.rop.cst.Constant.compareTo(Ljava/lang/Object;)I @ 2
Event: 0.699 Thread 0x0000000057712800 Uncommon trap: reason=class_check action=maybe_recompile pc=0x0000000002b1e300 method=com.android.dx.rop.cst.CstMemberRef.compareTo0(Lcom/android/dx/rop/cst/Constant;)I @ 1
Event: 0.944 Thread 0x0000000057933800 Uncommon trap: reason=speculate_class_check action=maybe_recompile pc=0x0000000002b47bb4 method=com.android.dx.rop.cst.Constant.compareTo(Lcom/android/dx/rop/cst/Constant;)I @ 29
Event: 0.944 Thread 0x0000000057933800 Uncommon trap: reason=speculate_class_check action=maybe_recompile pc=0x0000000002b47bb4 method=com.android.dx.rop.cst.Constant.compareTo(Lcom/android/dx/rop/cst/Constant;)I @ 29
Event: 0.944 Thread 0x0000000057933800 Uncommon trap: reason=speculate_class_check action=maybe_recompile pc=0x0000000002b47bb4 method=com.android.dx.rop.cst.Constant.compareTo(Lcom/android/dx/rop/cst/Constant;)I @ 29
Event: 0.944 Thread 0x0000000057933800 Uncommon trap: reason=speculate_class_check action=maybe_recompile pc=0x0000000002b47bb4 method=com.android.dx.rop.cst.Constant.compareTo(Lcom/android/dx/rop/cst/Constant;)I @ 29

Internal exceptions (2 events):
Event: 0.033 Thread 0x000000000250f000 Exception <a 'java/lang/NoSuchMethodError': Method sun.misc.Unsafe.defineClass(Ljava/lang/String;[BII)Ljava/lang/Class; name or signature does not match> (0x00000000eab07cc0) thrown at [D:\re\workspace\8-2-build-windows-amd64-cygwin\jdk8u92\6642\hotspot\sr;¨ˆ‹w¡?
Event: 0.033 Thread 0x000000000250f000 Exception <a 'java/lang/NoSuchMethodError': Method sun.misc.Unsafe.prefetchRead(Ljava/lang/Object;J)V name or signature does not match> (0x00000000eab07fa8) thrown at [D:\re\workspace\8-2-build-windows-amd64-cygwin\jdk8u92\6642\hotspot\src\share\vm\prims\j

Events (10 events):
Event: 0.944 Thread 0x0000000057933800 DEOPT UNPACKING pc=0x000000000293582a sp=0x000000005810e8a0 mode 2
Event: 0.944 Thread 0x0000000057933800 Uncommon trap: trap_request=0xffffff76 fr.pc=0x0000000002b47bb4
Event: 0.944 Thread 0x0000000057933800 DEOPT PACKING pc=0x0000000002b47bb4 sp=0x000000005810e970
Event: 0.944 Thread 0x0000000057933800 DEOPT UNPACKING pc=0x000000000293582a sp=0x000000005810e8a0 mode 2
Event: 0.944 Thread 0x0000000057933800 Uncommon trap: trap_request=0xffffff76 fr.pc=0x0000000002b47bb4
Event: 0.944 Thread 0x0000000057933800 DEOPT PACKING pc=0x0000000002b47bb4 sp=0x000000005810e9e0
Event: 0.944 Thread 0x0000000057933800 DEOPT UNPACKING pc=0x000000000293582a sp=0x000000005810e910 mode 2
Event: 0.944 Thread 0x0000000057933800 Uncommon trap: trap_request=0xffffff76 fr.pc=0x0000000002b47bb4
Event: 0.944 Thread 0x0000000057933800 DEOPT PACKING pc=0x0000000002b47bb4 sp=0x000000005810e980
Event: 0.944 Thread 0x0000000057933800 DEOPT UNPACKING pc=0x000000000293582a sp=0x000000005810e8b0 mode 2


Dynamic libraries:
0x000000013ff50000 - 0x000000013ff87000 	D:\Program Files\Java\jdk1.8.0_92\bin\java.exe
0x0000000076dc0000 - 0x0000000076f6a000 	C:\Windows\SYSTEM32\ntdll.dll
0x0000000076ca0000 - 0x0000000076dbf000 	C:\Windows\system32\kernel32.dll
0x000007fefcb40000 - 0x000007fefcbab000 	C:\Windows\system32\KERNELBASE.dll
0x000007fefe490000 - 0x000007fefe56b000 	C:\Windows\system32\ADVAPI32.dll
0x000007fefec70000 - 0x000007fefed0f000 	C:\Windows\system32\msvcrt.dll
0x000007fefec40000 - 0x000007fefec5f000 	C:\Windows\SYSTEM32\sechost.dll
0x000007fefef40000 - 0x000007feff06d000 	C:\Windows\system32\RPCRT4.dll
0x0000000076a60000 - 0x0000000076b5a000 	C:\Windows\system32\USER32.dll
0x000007fefe570000 - 0x000007fefe5d7000 	C:\Windows\system32\GDI32.dll
0x000007fefd2a0000 - 0x000007fefd2ae000 	C:\Windows\system32\LPK.dll
0x000007fefed10000 - 0x000007fefedda000 	C:\Windows\system32\USP10.dll
0x000007fefbd40000 - 0x000007fefbf34000 	C:\Windows\WinSxS\amd64_microsoft.windows.common-controls_6595b64144ccf1df_6.0.7601.18837_none_fa3b1e3d17594757\COMCTL32.dll
0x000007fefd140000 - 0x000007fefd1b1000 	C:\Windows\system32\SHLWAPI.dll
0x000007fefd330000 - 0x000007fefd35e000 	C:\Windows\system32\IMM32.DLL
0x000007fefee30000 - 0x000007fefef39000 	C:\Windows\system32\MSCTF.dll
0x0000000062680000 - 0x0000000062752000 	D:\Program Files\Java\jdk1.8.0_92\jre\bin\msvcr100.dll
0x0000000063490000 - 0x0000000063d26000 	D:\Program Files\Java\jdk1.8.0_92\jre\bin\server\jvm.dll
0x000007fefa200000 - 0x000007fefa209000 	C:\Windows\system32\WSOCK32.dll
0x000007fefede0000 - 0x000007fefee2d000 	C:\Windows\system32\WS2_32.dll
0x000007fefec60000 - 0x000007fefec68000 	C:\Windows\system32\NSI.dll
0x000007fefcf00000 - 0x000007fefcf3b000 	C:\Windows\system32\WINMM.dll
0x000007fefba50000 - 0x000007fefba5c000 	C:\Windows\system32\VERSION.dll
0x0000000076f80000 - 0x0000000076f87000 	C:\Windows\system32\PSAPI.DLL
0x0000000074430000 - 0x000000007443f000 	D:\Program Files\Java\jdk1.8.0_92\jre\bin\verify.dll
0x0000000074400000 - 0x0000000074429000 	D:\Program Files\Java\jdk1.8.0_92\jre\bin\java.dll
0x00000000743e0000 - 0x00000000743f6000 	D:\Program Files\Java\jdk1.8.0_92\jre\bin\zip.dll
0x000007fefd660000 - 0x000007fefe3e9000 	C:\Windows\system32\SHELL32.dll
0x000007fefea30000 - 0x000007fefec33000 	C:\Windows\system32\ole32.dll
0x000007fefca90000 - 0x000007fefca9f000 	C:\Windows\system32\profapi.dll

VM Arguments:
jvm_args: -Djava.awt.headless=true -Xmx1024M -Dfile.encoding=GBK -Duser.country=CN -Duser.language=zh -Duser.variant 
java_command: com.android.dx.command.Main --dex --force-jumbo --num-threads=4 --multi-dex --output C:\Users\ThinkPad\Desktop\Foodamental-master\app\build\intermediates\transforms\dex\debug\folders\1000\5\slice_0 C:\Users\ThinkPad\Desktop\Foodamental-master\app\build\intermediates\transforms\instantRunSlicer\debug\folders\1\5\slice_0
java_class_path (initial): D:\sdk\build-tools\23.0.2\lib\dx.jar
Launcher Type: SUN_STANDARD

Environment Variables:
PATH=C:\ProgramData\Oracle\Java\javapath;C:\PROGRAM FILES (X86)\INTEL\ICLS CLIENT\;C:\PROGRAM FILES\INTEL\ICLS CLIENT\;C:\Windows\SYSTEM32;C:\Windows;C:\Windows\SYSTEM32\WBEM;C:\Windows\SYSTEM32\WINDOWSPOWERSHELL\V1.0\;C:\PROGRAM FILES\INTEL\INTEL(R) MANAGEMENT ENGINE COMPONENTS\DAL;C:\PROGRAM FILES\INTEL\INTEL(R) MANAGEMENT ENGINE COMPONENTS\IPT;C:\PROGRAM FILES (X86)\INTEL\INTEL(R) MANAGEMENT ENGINE COMPONENTS\DAL;C:\PROGRAM FILES (X86)\INTEL\INTEL(R) MANAGEMENT ENGINE COMPONENTS\IPT;C:\PROGRAM FILES (X86)\LENOVO\ACCESS CONNECTIONS\;C:\Program Files\ThinkPad\Bluetooth Software\;C:\Program Files\ThinkPad\Bluetooth Software\syswow64;C:\Program Files (x86)\Intel\OpenCL SDK\3.0\bin\x86;C:\Program Files (x86)\Intel\OpenCL SDK\3.0\bin\x64;C:\Program Files\OpenVPN\bin;C:\Program Files\Microsoft\Web Platform Installer\;C:\Program Files (x86)\Windows Kits\8.1\Windows Performance Toolkit\;C:\Program Files\Microsoft SQL Server\110\Tools\Binn\;C:\Program Files (x86)\Microsoft SDKs\TypeScript\1.0\;C:\Program Files\Microsoft SQL Server\120\Tools\Binn\;C:\Program Files (x86)\Skype\Phone\;%OPENCV_DIR%\bin;C:\Windows\system32\config\systemprofile\.dnx\bin;C:\Program Files\Microsoft DNX\Dnvm\;C:\Program Files\Microsoft SQL Server\130\Tools\Binn\;C:\Program Files\Git\cmd
USERNAME=ThinkPad
OS=Windows_NT
PROCESSOR_IDENTIFIER=Intel64 Family 6 Model 58 Stepping 9, GenuineIntel



---------------  S Y S T E M  ---------------

OS: Windows 7 , 64 bit Build 7601 (6.1.7601.19160)

CPU:total 4 (2 cores per cpu, 2 threads per core) family 6 model 58 stepping 9, cmov, cx8, fxsr, mmx, sse, sse2, sse3, ssse3, sse4.1, sse4.2, popcnt, avx, aes, clmul, erms, ht, tsc, tscinvbit, tscinv

Memory: 4k page, physical 8077104k(1255228k free), swap 8075268k(5132k free)

vm_info: Java HotSpot(TM) 64-Bit Server VM (25.92-b14) for windows-amd64 JRE (1.8.0_92-b14), built on Mar 31 2016 21:03:04 by "java_re" with MS VC++ 10.0 (VS2010)

time: Wed Jun 15 11:35:40 2016
elapsed time: 1 seconds (0d 0h 0m 1s)

